<?xml version="1.0" encoding="UTF-8"?>
<robot generator="Robot 5.0.1 (Python 3.9.13 on win32)" generated="20220904 22:54:59.174" rpa="false" schemaversion="3">
<suite id="s1" name="Robotron Mari Oliveira Projeto Final Compass" source="C:\Users\Meuacer2021\Dropbox\PC\Desktop\Robotron_Mari_Oliveira_Projeto_Final_Compass">
<suite id="s1-s1" name="Tests" source="C:\Users\Meuacer2021\Dropbox\PC\Desktop\Robotron_Mari_Oliveira_Projeto_Final_Compass\tests">
<suite id="s1-s1-s1" name="Carrinho Tests" source="C:\Users\Meuacer2021\Dropbox\PC\Desktop\Robotron_Mari_Oliveira_Projeto_Final_Compass\tests\carrinho_tests.robot">
<kw name="Criar Sessao" library="base" type="SETUP">
<kw name="Create Session" library="RequestsLibrary">
<arg>serverest</arg>
<arg>${BASE_URI}</arg>
<doc>Create Session: create a HTTP session to a server</doc>
<msg timestamp="20220904 22:54:59.821" level="INFO">Creating Session using : alias=serverest, url=http://localhost:3000, headers={},                     cookies={}, auth=None, timeout=None, proxies=None, verify=False,                     debug=0 </msg>
<status status="PASS" starttime="20220904 22:54:59.820" endtime="20220904 22:54:59.822"/>
</kw>
<status status="PASS" starttime="20220904 22:54:59.819" endtime="20220904 22:54:59.822"/>
</kw>
<test id="s1-s1-s1-t1" name="Cenario 01: GET Listar Todos os Carrinhos 200" line="10">
<kw name="GET Endpoint /carrinhos" library="carrinho_keywords">
<kw name="GET On Session" library="RequestsLibrary">
<var>${response}</var>
<arg>serverest</arg>
<arg>/carrinhos</arg>
<doc>Sends a GET request on a previously created HTTP Session.</doc>
<msg timestamp="20220904 22:54:59.836" level="INFO">GET Request : url=http://localhost:3000/carrinhos 
 path_url=/carrinhos 
 headers={'User-Agent': 'python-requests/2.28.1', 'Accept-Encoding': 'gzip, deflate', 'Accept': '*/*', 'Connection': 'keep-alive'} 
 body=None 
 </msg>
<msg timestamp="20220904 22:54:59.840" level="INFO">GET Response : url=http://localhost:3000/carrinhos 
 status=200, reason=OK 
 headers={'Access-Control-Allow-Origin': '*', 'x-dns-prefetch-control': 'off', 'x-frame-options': 'SAMEORIGIN', 'strict-transport-security': 'max-age=15552000; includeSubDomains', 'x-download-options': 'noopen', 'x-content-type-options': 'nosniff', 'x-xss-protection': '1; mode=block', 'x-moesif-transaction-id': 'dabfefb3-63d2-4530-9ec4-5eae7b5cb30e', 'Content-Type': 'application/json; charset=utf-8', 'Content-Length': '595', 'Date': 'Mon, 05 Sep 2022 01:54:59 GMT', 'Connection': 'keep-alive', 'Keep-Alive': 'timeout=5'} 
 body={
    "quantidade": 1,
    "carrinhos": [
        {
            "produtos": [
                {
                    "idProduto": "BeeJh5lz3k6kSIzA",
                    "quantidade": 2,
                    "precoUnitario": 470
                },
                {
                    "idProduto": "K6leHdftCeOJj8BJ",
                    "quantidade": 1,
                    "precoUnitario": 5240
                }
            ],
            "precoTotal": 6180,
            "quantidadeTotal": 3,
            "idUsuario": "oUb7aGkMtSEPf6BZ",
            "_id": "qbMqntef4iTOwWfg"
        }
    ]
} 
 </msg>
<msg timestamp="20220904 22:54:59.841" level="INFO">${response} = &lt;Response [200]&gt;</msg>
<status status="PASS" starttime="20220904 22:54:59.825" endtime="20220904 22:54:59.842"/>
</kw>
<kw name="Set Global Variable" library="BuiltIn">
<arg>${response}</arg>
<doc>Makes a variable available globally in all tests and suites.</doc>
<msg timestamp="20220904 22:54:59.843" level="INFO">${response} = &lt;Response [200]&gt;</msg>
<status status="PASS" starttime="20220904 22:54:59.842" endtime="20220904 22:54:59.844"/>
</kw>
<kw name="Log To Console" library="BuiltIn">
<arg>Response: ${response.content}</arg>
<doc>Logs the given message to the console.</doc>
<status status="PASS" starttime="20220904 22:54:59.845" endtime="20220904 22:54:59.849"/>
</kw>
<status status="PASS" starttime="20220904 22:54:59.824" endtime="20220904 22:54:59.850"/>
</kw>
<kw name="Validar Status Code &quot;200&quot;" library="common" sourcename="Validar Status Code &quot;${statuscode}&quot;">
<kw name="Should Be True" library="BuiltIn">
<arg>${response.status_code} == ${statuscode}</arg>
<doc>Fails if the given condition is not true.</doc>
<status status="PASS" starttime="20220904 22:54:59.852" endtime="20220904 22:54:59.853"/>
</kw>
<kw name="Log To Console" library="BuiltIn">
<arg>Status Code Retornado: ${response.status_code}</arg>
<doc>Logs the given message to the console.</doc>
<status status="PASS" starttime="20220904 22:54:59.853" endtime="20220904 22:54:59.855"/>
</kw>
<status status="PASS" starttime="20220904 22:54:59.851" endtime="20220904 22:54:59.856"/>
</kw>
<tag>GET_ALL_CARS</tag>
<status status="PASS" starttime="20220904 22:54:59.823" endtime="20220904 22:54:59.858"/>
</test>
<test id="s1-s1-s1-t2" name="Cenario 02: POST Criar Carrinho 201" line="16">
<kw name="Fazer Login e armazenar Token" library="login_keywords">
<kw name="POST Endpoint /login static" library="login_keywords">
<kw name="Importar JSON Estatico" library="common">
<var>${json}</var>
<arg>json_login_ex.json</arg>
<kw name="Get File" library="OperatingSystem">
<var>${arquivo}</var>
<arg>${EXECDIR}/suporte/fixtures/static/${nome_arquivo}</arg>
<doc>Returns the contents of a specified file.</doc>
<msg timestamp="20220904 22:54:59.865" level="INFO" html="true">Getting file '&lt;a href="file://C:\Users\Meuacer2021\Dropbox\PC\Desktop\Robotron_Mari_Oliveira_Projeto_Final_Compass\suporte\fixtures\static\json_login_ex.json"&gt;C:\Users\Meuacer2021\Dropbox\PC\Desktop\Robotron_Mari_Oliveira_Projeto_Final_Compass\suporte\fixtures\static\json_login_ex.json&lt;/a&gt;'.</msg>
<msg timestamp="20220904 22:54:59.867" level="INFO">${arquivo} = {
    "user_valido": {
        "email":"eusouvalido@qa.com.br",
        "password":"eupassei"
    },
    "user_invalido": {
        "email":"eusouvalido@gmail.com",
        "senha":"EUNAOPASSO"
    },...</msg>
<status status="PASS" starttime="20220904 22:54:59.865" endtime="20220904 22:54:59.868"/>
</kw>
<kw name="Evaluate" library="BuiltIn">
<var>${data}</var>
<arg>json.loads('''${arquivo}''')</arg>
<arg>json</arg>
<doc>Evaluates the given expression in Python and returns the result.</doc>
<msg timestamp="20220904 22:54:59.869" level="INFO">${data} = {'user_valido': {'email': 'eusouvalido@qa.com.br', 'password': 'eupassei'}, 'user_invalido': {'email': 'eusouvalido@gmail.com', 'senha': 'EUNAOPASSO'}, 'user_sem_senha': {'email': 'euqueropassar@gmail...</msg>
<status status="PASS" starttime="20220904 22:54:59.868" endtime="20220904 22:54:59.872"/>
</kw>
<msg timestamp="20220904 22:54:59.873" level="INFO">${json} = {'user_valido': {'email': 'eusouvalido@qa.com.br', 'password': 'eupassei'}, 'user_invalido': {'email': 'eusouvalido@gmail.com', 'senha': 'EUNAOPASSO'}, 'user_sem_senha': {'email': 'euqueropassar@gmail...</msg>
<status status="PASS" starttime="20220904 22:54:59.864" endtime="20220904 22:54:59.875"/>
</kw>
<kw name="Set Variable" library="BuiltIn">
<var>${payload}</var>
<arg>${json["user_valido"]}</arg>
<doc>Returns the given values which can then be assigned to a variables.</doc>
<msg timestamp="20220904 22:54:59.877" level="INFO">${payload} = {'email': 'eusouvalido@qa.com.br', 'password': 'eupassei'}</msg>
<status status="PASS" starttime="20220904 22:54:59.875" endtime="20220904 22:54:59.878"/>
</kw>
<kw name="Set Global Variable" library="BuiltIn">
<arg>${payload}</arg>
<doc>Makes a variable available globally in all tests and suites.</doc>
<msg timestamp="20220904 22:54:59.880" level="INFO">${payload} = {'email': 'eusouvalido@qa.com.br', 'password': 'eupassei'}</msg>
<status status="PASS" starttime="20220904 22:54:59.879" endtime="20220904 22:54:59.882"/>
</kw>
<kw name="POST On Session" library="RequestsLibrary">
<var>${response}</var>
<arg>serverest</arg>
<arg>/login</arg>
<arg>json=&amp;{payload}</arg>
<doc>Sends a POST request on a previously created HTTP Session.</doc>
<msg timestamp="20220904 22:54:59.888" level="INFO">POST Request : url=http://localhost:3000/login 
 path_url=/login 
 headers={'User-Agent': 'python-requests/2.28.1', 'Accept-Encoding': 'gzip, deflate', 'Accept': '*/*', 'Connection': 'keep-alive', 'Content-Length': '58', 'Content-Type': 'application/json'} 
 body=b'{"email": "eusouvalido@qa.com.br", "password": "eupassei"}' 
 </msg>
<msg timestamp="20220904 22:54:59.890" level="INFO">POST Response : url=http://localhost:3000/login 
 status=200, reason=OK 
 headers={'Access-Control-Allow-Origin': '*', 'x-dns-prefetch-control': 'off', 'x-frame-options': 'SAMEORIGIN', 'strict-transport-security': 'max-age=15552000; includeSubDomains', 'x-download-options': 'noopen', 'x-content-type-options': 'nosniff', 'x-xss-protection': '1; mode=block', 'x-moesif-transaction-id': '3b12ad61-0fde-41b0-9e0d-a65af824865c', 'Content-Type': 'application/json; charset=utf-8', 'Content-Length': '280', 'Date': 'Mon, 05 Sep 2022 01:54:59 GMT', 'Connection': 'keep-alive', 'Keep-Alive': 'timeout=5'} 
 body={
    "message": "Login realizado com sucesso",
    "authorization": "Bearer eyJhbGciOiJIUzI1NiIsInR5cCI6IkpXVCJ9.eyJlbWFpbCI6ImV1c291dmFsaWRvQHFhLmNvbS5iciIsInBhc3N3b3JkIjoiZXVwYXNzZWkiLCJpYXQiOjE2NjIzNDI4OTksImV4cCI6MTY2MjM0MzQ5OX0.T1-O3ShSbzRzf_VjHPhHDbqA0El7KDmjXigUN8DYXU4"
} 
 </msg>
<msg timestamp="20220904 22:54:59.891" level="INFO">${response} = &lt;Response [200]&gt;</msg>
<status status="PASS" starttime="20220904 22:54:59.882" endtime="20220904 22:54:59.892"/>
</kw>
<kw name="Log To Console" library="BuiltIn">
<arg>Response:${response.content}</arg>
<doc>Logs the given message to the console.</doc>
<status status="PASS" starttime="20220904 22:54:59.892" endtime="20220904 22:54:59.895"/>
</kw>
<kw name="Set Global Variable" library="BuiltIn">
<arg>${response}</arg>
<doc>Makes a variable available globally in all tests and suites.</doc>
<msg timestamp="20220904 22:54:59.896" level="INFO">${response} = &lt;Response [200]&gt;</msg>
<status status="PASS" starttime="20220904 22:54:59.895" endtime="20220904 22:54:59.898"/>
</kw>
<status status="PASS" starttime="20220904 22:54:59.863" endtime="20220904 22:54:59.899"/>
</kw>
<kw name="Validar Ter Logado" library="login_keywords">
<kw name="Should Be Equal" library="BuiltIn">
<arg>${response.json()["message"]}</arg>
<arg>Login realizado com sucesso</arg>
<doc>Fails if the given objects are unequal.</doc>
<status status="PASS" starttime="20220904 22:54:59.900" endtime="20220904 22:54:59.901"/>
</kw>
<kw name="Should Not Be Empty" library="BuiltIn">
<arg>${response.json()["authorization"]}</arg>
<doc>Verifies that the given item is not empty.</doc>
<msg timestamp="20220904 22:54:59.903" level="INFO">Length is 207</msg>
<status status="PASS" starttime="20220904 22:54:59.902" endtime="20220904 22:54:59.904"/>
</kw>
<status status="PASS" starttime="20220904 22:54:59.899" endtime="20220904 22:54:59.905"/>
</kw>
<kw name="Set Variable" library="BuiltIn">
<var>${token_auth}</var>
<arg>${response.json()["authorization"]}</arg>
<doc>Returns the given values which can then be assigned to a variables.</doc>
<msg timestamp="20220904 22:54:59.906" level="INFO">${token_auth} = Bearer eyJhbGciOiJIUzI1NiIsInR5cCI6IkpXVCJ9.eyJlbWFpbCI6ImV1c291dmFsaWRvQHFhLmNvbS5iciIsInBhc3N3b3JkIjoiZXVwYXNzZWkiLCJpYXQiOjE2NjIzNDI4OTksImV4cCI6MTY2MjM0MzQ5OX0.T1-O3ShSbzRzf_VjHPhHDbqA0El7KDmjXigU...</msg>
<status status="PASS" starttime="20220904 22:54:59.905" endtime="20220904 22:54:59.907"/>
</kw>
<kw name="Log To Console" library="BuiltIn">
<arg>Token Salvo:${token_auth}</arg>
<doc>Logs the given message to the console.</doc>
<status status="PASS" starttime="20220904 22:54:59.908" endtime="20220904 22:54:59.909"/>
</kw>
<kw name="Set Global Variable" library="BuiltIn">
<arg>${token_auth}</arg>
<doc>Makes a variable available globally in all tests and suites.</doc>
<msg timestamp="20220904 22:54:59.910" level="INFO">${token_auth} = Bearer eyJhbGciOiJIUzI1NiIsInR5cCI6IkpXVCJ9.eyJlbWFpbCI6ImV1c291dmFsaWRvQHFhLmNvbS5iciIsInBhc3N3b3JkIjoiZXVwYXNzZWkiLCJpYXQiOjE2NjIzNDI4OTksImV4cCI6MTY2MjM0MzQ5OX0.T1-O3ShSbzRzf_VjHPhHDbqA0El7KDmjXigU...</msg>
<status status="PASS" starttime="20220904 22:54:59.909" endtime="20220904 22:54:59.911"/>
</kw>
<status status="PASS" starttime="20220904 22:54:59.862" endtime="20220904 22:54:59.912"/>
</kw>
<kw name="DELETE Endpoint /carrinhos/concluir-compra" library="carrinho_keywords">
<kw name="Create Dictionary" library="BuiltIn">
<var>&amp;{header}</var>
<arg>Authorization=${token_auth}</arg>
<doc>Creates and returns a dictionary based on the given ``items``.</doc>
<msg timestamp="20220904 22:54:59.914" level="INFO">&amp;{header} = { Authorization=Bearer eyJhbGciOiJIUzI1NiIsInR5cCI6IkpXVCJ9.eyJlbWFpbCI6ImV1c291dmFsaWRvQHFhLmNvbS5iciIsInBhc3N3b3JkIjoiZXVwYXNzZWkiLCJpYXQiOjE2NjIzNDI4OTksImV4cCI6MTY2MjM0MzQ5OX0.T1-O3ShSbzRzf_VjHPhH...</msg>
<status status="PASS" starttime="20220904 22:54:59.913" endtime="20220904 22:54:59.916"/>
</kw>
<kw name="DELETE On Session" library="RequestsLibrary">
<var>${response}</var>
<arg>serverest</arg>
<arg>/carrinhos/concluir-compra/</arg>
<arg>headers=&amp;{header}</arg>
<arg>expected_status=any</arg>
<doc>Sends a DELETE request on a previously created HTTP Session.</doc>
<msg timestamp="20220904 22:54:59.921" level="INFO">DELETE Request : url=http://localhost:3000/carrinhos/concluir-compra/ 
 path_url=/carrinhos/concluir-compra/ 
 headers={'User-Agent': 'python-requests/2.28.1', 'Accept-Encoding': 'gzip, deflate', 'Accept': '*/*', 'Connection': 'keep-alive', 'Authorization': 'Bearer eyJhbGciOiJIUzI1NiIsInR5cCI6IkpXVCJ9.eyJlbWFpbCI6ImV1c291dmFsaWRvQHFhLmNvbS5iciIsInBhc3N3b3JkIjoiZXVwYXNzZWkiLCJpYXQiOjE2NjIzNDI4OTksImV4cCI6MTY2MjM0MzQ5OX0.T1-O3ShSbzRzf_VjHPhHDbqA0El7KDmjXigUN8DYXU4', 'Content-Length': '0'} 
 body=None 
 </msg>
<msg timestamp="20220904 22:54:59.923" level="INFO">DELETE Response : url=http://localhost:3000/carrinhos/concluir-compra/ 
 status=200, reason=OK 
 headers={'Access-Control-Allow-Origin': '*', 'x-dns-prefetch-control': 'off', 'x-frame-options': 'SAMEORIGIN', 'strict-transport-security': 'max-age=15552000; includeSubDomains', 'x-download-options': 'noopen', 'x-content-type-options': 'nosniff', 'x-xss-protection': '1; mode=block', 'x-moesif-transaction-id': 'ec3bdb29-2092-4bc5-8035-68de45752a63', 'Content-Type': 'application/json; charset=utf-8', 'Content-Length': '68', 'Date': 'Mon, 05 Sep 2022 01:54:59 GMT', 'Connection': 'keep-alive', 'Keep-Alive': 'timeout=5'} 
 body={
    "message": "Não foi encontrado carrinho para esse usuário"
} 
 </msg>
<msg timestamp="20220904 22:54:59.925" level="INFO">${response} = &lt;Response [200]&gt;</msg>
<status status="PASS" starttime="20220904 22:54:59.916" endtime="20220904 22:54:59.926"/>
</kw>
<kw name="Log To Console" library="BuiltIn">
<arg>Response: ${response.content}</arg>
<doc>Logs the given message to the console.</doc>
<status status="PASS" starttime="20220904 22:54:59.927" endtime="20220904 22:54:59.929"/>
</kw>
<kw name="Set Global Variable" library="BuiltIn">
<arg>${response}</arg>
<doc>Makes a variable available globally in all tests and suites.</doc>
<msg timestamp="20220904 22:54:59.930" level="INFO">${response} = &lt;Response [200]&gt;</msg>
<status status="PASS" starttime="20220904 22:54:59.929" endtime="20220904 22:54:59.932"/>
</kw>
<status status="PASS" starttime="20220904 22:54:59.912" endtime="20220904 22:54:59.932"/>
</kw>
<kw name="Criar Carrinho Estatico Valido" library="carrinho_keywords">
<kw name="Importar JSON Estatico" library="common">
<var>${json}</var>
<arg>json_carrinho_ex.json</arg>
<kw name="Get File" library="OperatingSystem">
<var>${arquivo}</var>
<arg>${EXECDIR}/suporte/fixtures/static/${nome_arquivo}</arg>
<doc>Returns the contents of a specified file.</doc>
<msg timestamp="20220904 22:54:59.936" level="INFO" html="true">Getting file '&lt;a href="file://C:\Users\Meuacer2021\Dropbox\PC\Desktop\Robotron_Mari_Oliveira_Projeto_Final_Compass\suporte\fixtures\static\json_carrinho_ex.json"&gt;C:\Users\Meuacer2021\Dropbox\PC\Desktop\Robotron_Mari_Oliveira_Projeto_Final_Compass\suporte\fixtures\static\json_carrinho_ex.json&lt;/a&gt;'.</msg>
<msg timestamp="20220904 22:54:59.945" level="INFO">${arquivo} = {
    "produtos": [
        {
            "idProduto": "3KGZd5IBb1Rau2L9",
            "quantidade": 1
        },
        {
            "idProduto": "93QgTYUZ8FzpddJh",
            "quantidade": 1
   ...</msg>
<status status="PASS" starttime="20220904 22:54:59.935" endtime="20220904 22:54:59.947"/>
</kw>
<kw name="Evaluate" library="BuiltIn">
<var>${data}</var>
<arg>json.loads('''${arquivo}''')</arg>
<arg>json</arg>
<doc>Evaluates the given expression in Python and returns the result.</doc>
<msg timestamp="20220904 22:54:59.948" level="INFO">${data} = {'produtos': [{'idProduto': '3KGZd5IBb1Rau2L9', 'quantidade': 1}, {'idProduto': '93QgTYUZ8FzpddJh', 'quantidade': 1}]}</msg>
<status status="PASS" starttime="20220904 22:54:59.947" endtime="20220904 22:54:59.950"/>
</kw>
<msg timestamp="20220904 22:54:59.950" level="INFO">${json} = {'produtos': [{'idProduto': '3KGZd5IBb1Rau2L9', 'quantidade': 1}, {'idProduto': '93QgTYUZ8FzpddJh', 'quantidade': 1}]}</msg>
<status status="PASS" starttime="20220904 22:54:59.934" endtime="20220904 22:54:59.953"/>
</kw>
<kw name="Set Variable" library="BuiltIn">
<var>${payload}</var>
<arg>${json}</arg>
<doc>Returns the given values which can then be assigned to a variables.</doc>
<msg timestamp="20220904 22:54:59.954" level="INFO">${payload} = {'produtos': [{'idProduto': '3KGZd5IBb1Rau2L9', 'quantidade': 1}, {'idProduto': '93QgTYUZ8FzpddJh', 'quantidade': 1}]}</msg>
<status status="PASS" starttime="20220904 22:54:59.953" endtime="20220904 22:54:59.955"/>
</kw>
<kw name="Set Global Variable" library="BuiltIn">
<arg>${payload}</arg>
<doc>Makes a variable available globally in all tests and suites.</doc>
<msg timestamp="20220904 22:54:59.956" level="INFO">${payload} = {'produtos': [{'idProduto': '3KGZd5IBb1Rau2L9', 'quantidade': 1}, {'idProduto': '93QgTYUZ8FzpddJh', 'quantidade': 1}]}</msg>
<status status="PASS" starttime="20220904 22:54:59.955" endtime="20220904 22:54:59.958"/>
</kw>
<kw name="Log To Console" library="BuiltIn">
<arg>Response: ${payload}</arg>
<doc>Logs the given message to the console.</doc>
<status status="PASS" starttime="20220904 22:54:59.958" endtime="20220904 22:54:59.960"/>
</kw>
<kw name="POST Endpoint /carrinhos" library="carrinho_keywords">
<kw name="Create Dictionary" library="BuiltIn">
<var>&amp;{header}</var>
<arg>Authorization=${token_auth}</arg>
<doc>Creates and returns a dictionary based on the given ``items``.</doc>
<msg timestamp="20220904 22:54:59.963" level="INFO">&amp;{header} = { Authorization=Bearer eyJhbGciOiJIUzI1NiIsInR5cCI6IkpXVCJ9.eyJlbWFpbCI6ImV1c291dmFsaWRvQHFhLmNvbS5iciIsInBhc3N3b3JkIjoiZXVwYXNzZWkiLCJpYXQiOjE2NjIzNDI4OTksImV4cCI6MTY2MjM0MzQ5OX0.T1-O3ShSbzRzf_VjHPhH...</msg>
<status status="PASS" starttime="20220904 22:54:59.962" endtime="20220904 22:54:59.966"/>
</kw>
<kw name="POST On Session" library="RequestsLibrary">
<var>${response}</var>
<arg>serverest</arg>
<arg>/carrinhos</arg>
<arg>json=&amp;{payload}</arg>
<arg>headers=&amp;{header}</arg>
<arg>expected_status=any</arg>
<doc>Sends a POST request on a previously created HTTP Session.</doc>
<msg timestamp="20220904 22:54:59.976" level="INFO">POST Request : url=http://localhost:3000/carrinhos 
 path_url=/carrinhos 
 headers={'User-Agent': 'python-requests/2.28.1', 'Accept-Encoding': 'gzip, deflate', 'Accept': '*/*', 'Connection': 'keep-alive', 'Authorization': 'Bearer eyJhbGciOiJIUzI1NiIsInR5cCI6IkpXVCJ9.eyJlbWFpbCI6ImV1c291dmFsaWRvQHFhLmNvbS5iciIsInBhc3N3b3JkIjoiZXVwYXNzZWkiLCJpYXQiOjE2NjIzNDI4OTksImV4cCI6MTY2MjM0MzQ5OX0.T1-O3ShSbzRzf_VjHPhHDbqA0El7KDmjXigUN8DYXU4', 'Content-Length': '118', 'Content-Type': 'application/json'} 
 body=b'{"produtos": [{"idProduto": "3KGZd5IBb1Rau2L9", "quantidade": 1}, {"idProduto": "93QgTYUZ8FzpddJh", "quantidade": 1}]}' 
 </msg>
<msg timestamp="20220904 22:54:59.977" level="INFO">POST Response : url=http://localhost:3000/carrinhos 
 status=201, reason=Created 
 headers={'Access-Control-Allow-Origin': '*', 'x-dns-prefetch-control': 'off', 'x-frame-options': 'SAMEORIGIN', 'strict-transport-security': 'max-age=15552000; includeSubDomains', 'x-download-options': 'noopen', 'x-content-type-options': 'nosniff', 'x-xss-protection': '1; mode=block', 'x-moesif-transaction-id': '0df772dd-08eb-4e3b-adf3-581f888fef8d', 'Content-Type': 'application/json; charset=utf-8', 'Content-Length': '82', 'Date': 'Mon, 05 Sep 2022 01:54:59 GMT', 'Connection': 'keep-alive', 'Keep-Alive': 'timeout=5'} 
 body={
    "message": "Cadastro realizado com sucesso",
    "_id": "cfPYB8lHwLbdXMyV"
} 
 </msg>
<msg timestamp="20220904 22:54:59.979" level="INFO">${response} = &lt;Response [201]&gt;</msg>
<status status="PASS" starttime="20220904 22:54:59.966" endtime="20220904 22:54:59.981"/>
</kw>
<kw name="Log To Console" library="BuiltIn">
<arg>Response: ${response.content}</arg>
<doc>Logs the given message to the console.</doc>
<status status="PASS" starttime="20220904 22:54:59.982" endtime="20220904 22:54:59.984"/>
</kw>
<kw name="Set Global Variable" library="BuiltIn">
<arg>${response}</arg>
<doc>Makes a variable available globally in all tests and suites.</doc>
<msg timestamp="20220904 22:54:59.985" level="INFO">${response} = &lt;Response [201]&gt;</msg>
<status status="PASS" starttime="20220904 22:54:59.984" endtime="20220904 22:54:59.987"/>
</kw>
<status status="PASS" starttime="20220904 22:54:59.960" endtime="20220904 22:54:59.988"/>
</kw>
<status status="PASS" starttime="20220904 22:54:59.933" endtime="20220904 22:54:59.989"/>
</kw>
<kw name="Validar Status Code &quot;201&quot;" library="common" sourcename="Validar Status Code &quot;${statuscode}&quot;">
<kw name="Should Be True" library="BuiltIn">
<arg>${response.status_code} == ${statuscode}</arg>
<doc>Fails if the given condition is not true.</doc>
<status status="PASS" starttime="20220904 22:54:59.991" endtime="20220904 22:54:59.993"/>
</kw>
<kw name="Log To Console" library="BuiltIn">
<arg>Status Code Retornado: ${response.status_code}</arg>
<doc>Logs the given message to the console.</doc>
<status status="PASS" starttime="20220904 22:54:59.993" endtime="20220904 22:54:59.995"/>
</kw>
<status status="PASS" starttime="20220904 22:54:59.990" endtime="20220904 22:54:59.996"/>
</kw>
<kw name="Validar Ter Criado o Carrinho" library="carrinho_keywords">
<kw name="Should Be Equal" library="BuiltIn">
<arg>${response.json()["message"]}</arg>
<arg>Cadastro realizado com sucesso</arg>
<doc>Fails if the given objects are unequal.</doc>
<status status="PASS" starttime="20220904 22:54:59.998" endtime="20220904 22:54:59.999"/>
</kw>
<kw name="Should Not Be Empty" library="BuiltIn">
<arg>${response.json()["_id"]}</arg>
<doc>Verifies that the given item is not empty.</doc>
<msg timestamp="20220904 22:55:00.001" level="INFO">Length is 16</msg>
<status status="PASS" starttime="20220904 22:55:00.000" endtime="20220904 22:55:00.004"/>
</kw>
<status status="PASS" starttime="20220904 22:54:59.997" endtime="20220904 22:55:00.005"/>
</kw>
<kw name="DELETE Endpoint /carrinhos/concluir-compra" library="carrinho_keywords">
<kw name="Create Dictionary" library="BuiltIn">
<var>&amp;{header}</var>
<arg>Authorization=${token_auth}</arg>
<doc>Creates and returns a dictionary based on the given ``items``.</doc>
<msg timestamp="20220904 22:55:00.011" level="INFO">&amp;{header} = { Authorization=Bearer eyJhbGciOiJIUzI1NiIsInR5cCI6IkpXVCJ9.eyJlbWFpbCI6ImV1c291dmFsaWRvQHFhLmNvbS5iciIsInBhc3N3b3JkIjoiZXVwYXNzZWkiLCJpYXQiOjE2NjIzNDI4OTksImV4cCI6MTY2MjM0MzQ5OX0.T1-O3ShSbzRzf_VjHPhH...</msg>
<status status="PASS" starttime="20220904 22:55:00.008" endtime="20220904 22:55:00.015"/>
</kw>
<kw name="DELETE On Session" library="RequestsLibrary">
<var>${response}</var>
<arg>serverest</arg>
<arg>/carrinhos/concluir-compra/</arg>
<arg>headers=&amp;{header}</arg>
<arg>expected_status=any</arg>
<doc>Sends a DELETE request on a previously created HTTP Session.</doc>
<msg timestamp="20220904 22:55:00.023" level="INFO">DELETE Request : url=http://localhost:3000/carrinhos/concluir-compra/ 
 path_url=/carrinhos/concluir-compra/ 
 headers={'User-Agent': 'python-requests/2.28.1', 'Accept-Encoding': 'gzip, deflate', 'Accept': '*/*', 'Connection': 'keep-alive', 'Authorization': 'Bearer eyJhbGciOiJIUzI1NiIsInR5cCI6IkpXVCJ9.eyJlbWFpbCI6ImV1c291dmFsaWRvQHFhLmNvbS5iciIsInBhc3N3b3JkIjoiZXVwYXNzZWkiLCJpYXQiOjE2NjIzNDI4OTksImV4cCI6MTY2MjM0MzQ5OX0.T1-O3ShSbzRzf_VjHPhHDbqA0El7KDmjXigUN8DYXU4', 'Content-Length': '0'} 
 body=None 
 </msg>
<msg timestamp="20220904 22:55:00.025" level="INFO">DELETE Response : url=http://localhost:3000/carrinhos/concluir-compra/ 
 status=200, reason=OK 
 headers={'Access-Control-Allow-Origin': '*', 'x-dns-prefetch-control': 'off', 'x-frame-options': 'SAMEORIGIN', 'strict-transport-security': 'max-age=15552000; includeSubDomains', 'x-download-options': 'noopen', 'x-content-type-options': 'nosniff', 'x-xss-protection': '1; mode=block', 'x-moesif-transaction-id': '692f99db-213f-476a-a534-9ba932f0933a', 'Content-Type': 'application/json; charset=utf-8', 'Content-Length': '51', 'Date': 'Mon, 05 Sep 2022 01:55:00 GMT', 'Connection': 'keep-alive', 'Keep-Alive': 'timeout=5'} 
 body={
    "message": "Registro excluído com sucesso"
} 
 </msg>
<msg timestamp="20220904 22:55:00.028" level="INFO">${response} = &lt;Response [200]&gt;</msg>
<status status="PASS" starttime="20220904 22:55:00.016" endtime="20220904 22:55:00.030"/>
</kw>
<kw name="Log To Console" library="BuiltIn">
<arg>Response: ${response.content}</arg>
<doc>Logs the given message to the console.</doc>
<status status="PASS" starttime="20220904 22:55:00.030" endtime="20220904 22:55:00.032"/>
</kw>
<kw name="Set Global Variable" library="BuiltIn">
<arg>${response}</arg>
<doc>Makes a variable available globally in all tests and suites.</doc>
<msg timestamp="20220904 22:55:00.034" level="INFO">${response} = &lt;Response [200]&gt;</msg>
<status status="PASS" starttime="20220904 22:55:00.033" endtime="20220904 22:55:00.037"/>
</kw>
<status status="PASS" starttime="20220904 22:55:00.006" endtime="20220904 22:55:00.038"/>
</kw>
<tag>POST_CAR_201</tag>
<status status="PASS" starttime="20220904 22:54:59.860" endtime="20220904 22:55:00.039"/>
</test>
<test id="s1-s1-s1-t3" name="Cenario 03: POST Criar Carrinho 400" line="26">
<kw name="Fazer Login e armazenar Token" library="login_keywords">
<kw name="POST Endpoint /login static" library="login_keywords">
<kw name="Importar JSON Estatico" library="common">
<var>${json}</var>
<arg>json_login_ex.json</arg>
<kw name="Get File" library="OperatingSystem">
<var>${arquivo}</var>
<arg>${EXECDIR}/suporte/fixtures/static/${nome_arquivo}</arg>
<doc>Returns the contents of a specified file.</doc>
<msg timestamp="20220904 22:55:00.050" level="INFO" html="true">Getting file '&lt;a href="file://C:\Users\Meuacer2021\Dropbox\PC\Desktop\Robotron_Mari_Oliveira_Projeto_Final_Compass\suporte\fixtures\static\json_login_ex.json"&gt;C:\Users\Meuacer2021\Dropbox\PC\Desktop\Robotron_Mari_Oliveira_Projeto_Final_Compass\suporte\fixtures\static\json_login_ex.json&lt;/a&gt;'.</msg>
<msg timestamp="20220904 22:55:00.052" level="INFO">${arquivo} = {
    "user_valido": {
        "email":"eusouvalido@qa.com.br",
        "password":"eupassei"
    },
    "user_invalido": {
        "email":"eusouvalido@gmail.com",
        "senha":"EUNAOPASSO"
    },...</msg>
<status status="PASS" starttime="20220904 22:55:00.049" endtime="20220904 22:55:00.053"/>
</kw>
<kw name="Evaluate" library="BuiltIn">
<var>${data}</var>
<arg>json.loads('''${arquivo}''')</arg>
<arg>json</arg>
<doc>Evaluates the given expression in Python and returns the result.</doc>
<msg timestamp="20220904 22:55:00.055" level="INFO">${data} = {'user_valido': {'email': 'eusouvalido@qa.com.br', 'password': 'eupassei'}, 'user_invalido': {'email': 'eusouvalido@gmail.com', 'senha': 'EUNAOPASSO'}, 'user_sem_senha': {'email': 'euqueropassar@gmail...</msg>
<status status="PASS" starttime="20220904 22:55:00.054" endtime="20220904 22:55:00.057"/>
</kw>
<msg timestamp="20220904 22:55:00.058" level="INFO">${json} = {'user_valido': {'email': 'eusouvalido@qa.com.br', 'password': 'eupassei'}, 'user_invalido': {'email': 'eusouvalido@gmail.com', 'senha': 'EUNAOPASSO'}, 'user_sem_senha': {'email': 'euqueropassar@gmail...</msg>
<status status="PASS" starttime="20220904 22:55:00.048" endtime="20220904 22:55:00.060"/>
</kw>
<kw name="Set Variable" library="BuiltIn">
<var>${payload}</var>
<arg>${json["user_valido"]}</arg>
<doc>Returns the given values which can then be assigned to a variables.</doc>
<msg timestamp="20220904 22:55:00.063" level="INFO">${payload} = {'email': 'eusouvalido@qa.com.br', 'password': 'eupassei'}</msg>
<status status="PASS" starttime="20220904 22:55:00.061" endtime="20220904 22:55:00.067"/>
</kw>
<kw name="Set Global Variable" library="BuiltIn">
<arg>${payload}</arg>
<doc>Makes a variable available globally in all tests and suites.</doc>
<msg timestamp="20220904 22:55:00.068" level="INFO">${payload} = {'email': 'eusouvalido@qa.com.br', 'password': 'eupassei'}</msg>
<status status="PASS" starttime="20220904 22:55:00.067" endtime="20220904 22:55:00.071"/>
</kw>
<kw name="POST On Session" library="RequestsLibrary">
<var>${response}</var>
<arg>serverest</arg>
<arg>/login</arg>
<arg>json=&amp;{payload}</arg>
<doc>Sends a POST request on a previously created HTTP Session.</doc>
<msg timestamp="20220904 22:55:00.079" level="INFO">POST Request : url=http://localhost:3000/login 
 path_url=/login 
 headers={'User-Agent': 'python-requests/2.28.1', 'Accept-Encoding': 'gzip, deflate', 'Accept': '*/*', 'Connection': 'keep-alive', 'Content-Length': '58', 'Content-Type': 'application/json'} 
 body=b'{"email": "eusouvalido@qa.com.br", "password": "eupassei"}' 
 </msg>
<msg timestamp="20220904 22:55:00.082" level="INFO">POST Response : url=http://localhost:3000/login 
 status=200, reason=OK 
 headers={'Access-Control-Allow-Origin': '*', 'x-dns-prefetch-control': 'off', 'x-frame-options': 'SAMEORIGIN', 'strict-transport-security': 'max-age=15552000; includeSubDomains', 'x-download-options': 'noopen', 'x-content-type-options': 'nosniff', 'x-xss-protection': '1; mode=block', 'x-moesif-transaction-id': 'bf5022ea-c1fe-4966-abe4-15cc6f805007', 'Content-Type': 'application/json; charset=utf-8', 'Content-Length': '280', 'Date': 'Mon, 05 Sep 2022 01:55:00 GMT', 'Connection': 'keep-alive', 'Keep-Alive': 'timeout=5'} 
 body={
    "message": "Login realizado com sucesso",
    "authorization": "Bearer eyJhbGciOiJIUzI1NiIsInR5cCI6IkpXVCJ9.eyJlbWFpbCI6ImV1c291dmFsaWRvQHFhLmNvbS5iciIsInBhc3N3b3JkIjoiZXVwYXNzZWkiLCJpYXQiOjE2NjIzNDI5MDAsImV4cCI6MTY2MjM0MzUwMH0.HCLxkV0vwNOC0o9Jsm6M9JG644e9yyZIH436qLs6rOw"
} 
 </msg>
<msg timestamp="20220904 22:55:00.084" level="INFO">${response} = &lt;Response [200]&gt;</msg>
<status status="PASS" starttime="20220904 22:55:00.072" endtime="20220904 22:55:00.086"/>
</kw>
<kw name="Log To Console" library="BuiltIn">
<arg>Response:${response.content}</arg>
<doc>Logs the given message to the console.</doc>
<status status="PASS" starttime="20220904 22:55:00.086" endtime="20220904 22:55:00.089"/>
</kw>
<kw name="Set Global Variable" library="BuiltIn">
<arg>${response}</arg>
<doc>Makes a variable available globally in all tests and suites.</doc>
<msg timestamp="20220904 22:55:00.091" level="INFO">${response} = &lt;Response [200]&gt;</msg>
<status status="PASS" starttime="20220904 22:55:00.090" endtime="20220904 22:55:00.093"/>
</kw>
<status status="PASS" starttime="20220904 22:55:00.046" endtime="20220904 22:55:00.094"/>
</kw>
<kw name="Validar Ter Logado" library="login_keywords">
<kw name="Should Be Equal" library="BuiltIn">
<arg>${response.json()["message"]}</arg>
<arg>Login realizado com sucesso</arg>
<doc>Fails if the given objects are unequal.</doc>
<status status="PASS" starttime="20220904 22:55:00.096" endtime="20220904 22:55:00.098"/>
</kw>
<kw name="Should Not Be Empty" library="BuiltIn">
<arg>${response.json()["authorization"]}</arg>
<doc>Verifies that the given item is not empty.</doc>
<msg timestamp="20220904 22:55:00.100" level="INFO">Length is 207</msg>
<status status="PASS" starttime="20220904 22:55:00.099" endtime="20220904 22:55:00.102"/>
</kw>
<status status="PASS" starttime="20220904 22:55:00.094" endtime="20220904 22:55:00.102"/>
</kw>
<kw name="Set Variable" library="BuiltIn">
<var>${token_auth}</var>
<arg>${response.json()["authorization"]}</arg>
<doc>Returns the given values which can then be assigned to a variables.</doc>
<msg timestamp="20220904 22:55:00.105" level="INFO">${token_auth} = Bearer eyJhbGciOiJIUzI1NiIsInR5cCI6IkpXVCJ9.eyJlbWFpbCI6ImV1c291dmFsaWRvQHFhLmNvbS5iciIsInBhc3N3b3JkIjoiZXVwYXNzZWkiLCJpYXQiOjE2NjIzNDI5MDAsImV4cCI6MTY2MjM0MzUwMH0.HCLxkV0vwNOC0o9Jsm6M9JG644e9yyZIH436...</msg>
<status status="PASS" starttime="20220904 22:55:00.103" endtime="20220904 22:55:00.107"/>
</kw>
<kw name="Log To Console" library="BuiltIn">
<arg>Token Salvo:${token_auth}</arg>
<doc>Logs the given message to the console.</doc>
<status status="PASS" starttime="20220904 22:55:00.107" endtime="20220904 22:55:00.109"/>
</kw>
<kw name="Set Global Variable" library="BuiltIn">
<arg>${token_auth}</arg>
<doc>Makes a variable available globally in all tests and suites.</doc>
<msg timestamp="20220904 22:55:00.110" level="INFO">${token_auth} = Bearer eyJhbGciOiJIUzI1NiIsInR5cCI6IkpXVCJ9.eyJlbWFpbCI6ImV1c291dmFsaWRvQHFhLmNvbS5iciIsInBhc3N3b3JkIjoiZXVwYXNzZWkiLCJpYXQiOjE2NjIzNDI5MDAsImV4cCI6MTY2MjM0MzUwMH0.HCLxkV0vwNOC0o9Jsm6M9JG644e9yyZIH436...</msg>
<status status="PASS" starttime="20220904 22:55:00.109" endtime="20220904 22:55:00.113"/>
</kw>
<status status="PASS" starttime="20220904 22:55:00.044" endtime="20220904 22:55:00.114"/>
</kw>
<kw name="Criar Carrinho Estatico Valido" library="carrinho_keywords">
<kw name="Importar JSON Estatico" library="common">
<var>${json}</var>
<arg>json_carrinho_ex.json</arg>
<kw name="Get File" library="OperatingSystem">
<var>${arquivo}</var>
<arg>${EXECDIR}/suporte/fixtures/static/${nome_arquivo}</arg>
<doc>Returns the contents of a specified file.</doc>
<msg timestamp="20220904 22:55:00.119" level="INFO" html="true">Getting file '&lt;a href="file://C:\Users\Meuacer2021\Dropbox\PC\Desktop\Robotron_Mari_Oliveira_Projeto_Final_Compass\suporte\fixtures\static\json_carrinho_ex.json"&gt;C:\Users\Meuacer2021\Dropbox\PC\Desktop\Robotron_Mari_Oliveira_Projeto_Final_Compass\suporte\fixtures\static\json_carrinho_ex.json&lt;/a&gt;'.</msg>
<msg timestamp="20220904 22:55:00.120" level="INFO">${arquivo} = {
    "produtos": [
        {
            "idProduto": "3KGZd5IBb1Rau2L9",
            "quantidade": 1
        },
        {
            "idProduto": "93QgTYUZ8FzpddJh",
            "quantidade": 1
   ...</msg>
<status status="PASS" starttime="20220904 22:55:00.118" endtime="20220904 22:55:00.122"/>
</kw>
<kw name="Evaluate" library="BuiltIn">
<var>${data}</var>
<arg>json.loads('''${arquivo}''')</arg>
<arg>json</arg>
<doc>Evaluates the given expression in Python and returns the result.</doc>
<msg timestamp="20220904 22:55:00.123" level="INFO">${data} = {'produtos': [{'idProduto': '3KGZd5IBb1Rau2L9', 'quantidade': 1}, {'idProduto': '93QgTYUZ8FzpddJh', 'quantidade': 1}]}</msg>
<status status="PASS" starttime="20220904 22:55:00.123" endtime="20220904 22:55:00.125"/>
</kw>
<msg timestamp="20220904 22:55:00.126" level="INFO">${json} = {'produtos': [{'idProduto': '3KGZd5IBb1Rau2L9', 'quantidade': 1}, {'idProduto': '93QgTYUZ8FzpddJh', 'quantidade': 1}]}</msg>
<status status="PASS" starttime="20220904 22:55:00.117" endtime="20220904 22:55:00.128"/>
</kw>
<kw name="Set Variable" library="BuiltIn">
<var>${payload}</var>
<arg>${json}</arg>
<doc>Returns the given values which can then be assigned to a variables.</doc>
<msg timestamp="20220904 22:55:00.130" level="INFO">${payload} = {'produtos': [{'idProduto': '3KGZd5IBb1Rau2L9', 'quantidade': 1}, {'idProduto': '93QgTYUZ8FzpddJh', 'quantidade': 1}]}</msg>
<status status="PASS" starttime="20220904 22:55:00.128" endtime="20220904 22:55:00.132"/>
</kw>
<kw name="Set Global Variable" library="BuiltIn">
<arg>${payload}</arg>
<doc>Makes a variable available globally in all tests and suites.</doc>
<msg timestamp="20220904 22:55:00.134" level="INFO">${payload} = {'produtos': [{'idProduto': '3KGZd5IBb1Rau2L9', 'quantidade': 1}, {'idProduto': '93QgTYUZ8FzpddJh', 'quantidade': 1}]}</msg>
<status status="PASS" starttime="20220904 22:55:00.133" endtime="20220904 22:55:00.136"/>
</kw>
<kw name="Log To Console" library="BuiltIn">
<arg>Response: ${payload}</arg>
<doc>Logs the given message to the console.</doc>
<status status="PASS" starttime="20220904 22:55:00.137" endtime="20220904 22:55:00.138"/>
</kw>
<kw name="POST Endpoint /carrinhos" library="carrinho_keywords">
<kw name="Create Dictionary" library="BuiltIn">
<var>&amp;{header}</var>
<arg>Authorization=${token_auth}</arg>
<doc>Creates and returns a dictionary based on the given ``items``.</doc>
<msg timestamp="20220904 22:55:00.141" level="INFO">&amp;{header} = { Authorization=Bearer eyJhbGciOiJIUzI1NiIsInR5cCI6IkpXVCJ9.eyJlbWFpbCI6ImV1c291dmFsaWRvQHFhLmNvbS5iciIsInBhc3N3b3JkIjoiZXVwYXNzZWkiLCJpYXQiOjE2NjIzNDI5MDAsImV4cCI6MTY2MjM0MzUwMH0.HCLxkV0vwNOC0o9Jsm6M...</msg>
<status status="PASS" starttime="20220904 22:55:00.139" endtime="20220904 22:55:00.143"/>
</kw>
<kw name="POST On Session" library="RequestsLibrary">
<var>${response}</var>
<arg>serverest</arg>
<arg>/carrinhos</arg>
<arg>json=&amp;{payload}</arg>
<arg>headers=&amp;{header}</arg>
<arg>expected_status=any</arg>
<doc>Sends a POST request on a previously created HTTP Session.</doc>
<msg timestamp="20220904 22:55:00.153" level="INFO">POST Request : url=http://localhost:3000/carrinhos 
 path_url=/carrinhos 
 headers={'User-Agent': 'python-requests/2.28.1', 'Accept-Encoding': 'gzip, deflate', 'Accept': '*/*', 'Connection': 'keep-alive', 'Authorization': 'Bearer eyJhbGciOiJIUzI1NiIsInR5cCI6IkpXVCJ9.eyJlbWFpbCI6ImV1c291dmFsaWRvQHFhLmNvbS5iciIsInBhc3N3b3JkIjoiZXVwYXNzZWkiLCJpYXQiOjE2NjIzNDI5MDAsImV4cCI6MTY2MjM0MzUwMH0.HCLxkV0vwNOC0o9Jsm6M9JG644e9yyZIH436qLs6rOw', 'Content-Length': '118', 'Content-Type': 'application/json'} 
 body=b'{"produtos": [{"idProduto": "3KGZd5IBb1Rau2L9", "quantidade": 1}, {"idProduto": "93QgTYUZ8FzpddJh", "quantidade": 1}]}' 
 </msg>
<msg timestamp="20220904 22:55:00.155" level="INFO">POST Response : url=http://localhost:3000/carrinhos 
 status=201, reason=Created 
 headers={'Access-Control-Allow-Origin': '*', 'x-dns-prefetch-control': 'off', 'x-frame-options': 'SAMEORIGIN', 'strict-transport-security': 'max-age=15552000; includeSubDomains', 'x-download-options': 'noopen', 'x-content-type-options': 'nosniff', 'x-xss-protection': '1; mode=block', 'x-moesif-transaction-id': '4e88f483-4d71-421a-85b4-0f461735da57', 'Content-Type': 'application/json; charset=utf-8', 'Content-Length': '82', 'Date': 'Mon, 05 Sep 2022 01:55:00 GMT', 'Connection': 'keep-alive', 'Keep-Alive': 'timeout=5'} 
 body={
    "message": "Cadastro realizado com sucesso",
    "_id": "FsEViyttpVeBwibR"
} 
 </msg>
<msg timestamp="20220904 22:55:00.157" level="INFO">${response} = &lt;Response [201]&gt;</msg>
<status status="PASS" starttime="20220904 22:55:00.143" endtime="20220904 22:55:00.158"/>
</kw>
<kw name="Log To Console" library="BuiltIn">
<arg>Response: ${response.content}</arg>
<doc>Logs the given message to the console.</doc>
<status status="PASS" starttime="20220904 22:55:00.158" endtime="20220904 22:55:00.160"/>
</kw>
<kw name="Set Global Variable" library="BuiltIn">
<arg>${response}</arg>
<doc>Makes a variable available globally in all tests and suites.</doc>
<msg timestamp="20220904 22:55:00.162" level="INFO">${response} = &lt;Response [201]&gt;</msg>
<status status="PASS" starttime="20220904 22:55:00.160" endtime="20220904 22:55:00.164"/>
</kw>
<status status="PASS" starttime="20220904 22:55:00.138" endtime="20220904 22:55:00.165"/>
</kw>
<status status="PASS" starttime="20220904 22:55:00.115" endtime="20220904 22:55:00.166"/>
</kw>
<kw name="Criar Carrinho Estatico Valido" library="carrinho_keywords">
<kw name="Importar JSON Estatico" library="common">
<var>${json}</var>
<arg>json_carrinho_ex.json</arg>
<kw name="Get File" library="OperatingSystem">
<var>${arquivo}</var>
<arg>${EXECDIR}/suporte/fixtures/static/${nome_arquivo}</arg>
<doc>Returns the contents of a specified file.</doc>
<msg timestamp="20220904 22:55:00.168" level="INFO" html="true">Getting file '&lt;a href="file://C:\Users\Meuacer2021\Dropbox\PC\Desktop\Robotron_Mari_Oliveira_Projeto_Final_Compass\suporte\fixtures\static\json_carrinho_ex.json"&gt;C:\Users\Meuacer2021\Dropbox\PC\Desktop\Robotron_Mari_Oliveira_Projeto_Final_Compass\suporte\fixtures\static\json_carrinho_ex.json&lt;/a&gt;'.</msg>
<msg timestamp="20220904 22:55:00.170" level="INFO">${arquivo} = {
    "produtos": [
        {
            "idProduto": "3KGZd5IBb1Rau2L9",
            "quantidade": 1
        },
        {
            "idProduto": "93QgTYUZ8FzpddJh",
            "quantidade": 1
   ...</msg>
<status status="PASS" starttime="20220904 22:55:00.168" endtime="20220904 22:55:00.171"/>
</kw>
<kw name="Evaluate" library="BuiltIn">
<var>${data}</var>
<arg>json.loads('''${arquivo}''')</arg>
<arg>json</arg>
<doc>Evaluates the given expression in Python and returns the result.</doc>
<msg timestamp="20220904 22:55:00.172" level="INFO">${data} = {'produtos': [{'idProduto': '3KGZd5IBb1Rau2L9', 'quantidade': 1}, {'idProduto': '93QgTYUZ8FzpddJh', 'quantidade': 1}]}</msg>
<status status="PASS" starttime="20220904 22:55:00.171" endtime="20220904 22:55:00.174"/>
</kw>
<msg timestamp="20220904 22:55:00.174" level="INFO">${json} = {'produtos': [{'idProduto': '3KGZd5IBb1Rau2L9', 'quantidade': 1}, {'idProduto': '93QgTYUZ8FzpddJh', 'quantidade': 1}]}</msg>
<status status="PASS" starttime="20220904 22:55:00.167" endtime="20220904 22:55:00.176"/>
</kw>
<kw name="Set Variable" library="BuiltIn">
<var>${payload}</var>
<arg>${json}</arg>
<doc>Returns the given values which can then be assigned to a variables.</doc>
<msg timestamp="20220904 22:55:00.177" level="INFO">${payload} = {'produtos': [{'idProduto': '3KGZd5IBb1Rau2L9', 'quantidade': 1}, {'idProduto': '93QgTYUZ8FzpddJh', 'quantidade': 1}]}</msg>
<status status="PASS" starttime="20220904 22:55:00.176" endtime="20220904 22:55:00.179"/>
</kw>
<kw name="Set Global Variable" library="BuiltIn">
<arg>${payload}</arg>
<doc>Makes a variable available globally in all tests and suites.</doc>
<msg timestamp="20220904 22:55:00.180" level="INFO">${payload} = {'produtos': [{'idProduto': '3KGZd5IBb1Rau2L9', 'quantidade': 1}, {'idProduto': '93QgTYUZ8FzpddJh', 'quantidade': 1}]}</msg>
<status status="PASS" starttime="20220904 22:55:00.179" endtime="20220904 22:55:00.183"/>
</kw>
<kw name="Log To Console" library="BuiltIn">
<arg>Response: ${payload}</arg>
<doc>Logs the given message to the console.</doc>
<status status="PASS" starttime="20220904 22:55:00.183" endtime="20220904 22:55:00.184"/>
</kw>
<kw name="POST Endpoint /carrinhos" library="carrinho_keywords">
<kw name="Create Dictionary" library="BuiltIn">
<var>&amp;{header}</var>
<arg>Authorization=${token_auth}</arg>
<doc>Creates and returns a dictionary based on the given ``items``.</doc>
<msg timestamp="20220904 22:55:00.187" level="INFO">&amp;{header} = { Authorization=Bearer eyJhbGciOiJIUzI1NiIsInR5cCI6IkpXVCJ9.eyJlbWFpbCI6ImV1c291dmFsaWRvQHFhLmNvbS5iciIsInBhc3N3b3JkIjoiZXVwYXNzZWkiLCJpYXQiOjE2NjIzNDI5MDAsImV4cCI6MTY2MjM0MzUwMH0.HCLxkV0vwNOC0o9Jsm6M...</msg>
<status status="PASS" starttime="20220904 22:55:00.186" endtime="20220904 22:55:00.188"/>
</kw>
<kw name="POST On Session" library="RequestsLibrary">
<var>${response}</var>
<arg>serverest</arg>
<arg>/carrinhos</arg>
<arg>json=&amp;{payload}</arg>
<arg>headers=&amp;{header}</arg>
<arg>expected_status=any</arg>
<doc>Sends a POST request on a previously created HTTP Session.</doc>
<msg timestamp="20220904 22:55:00.194" level="INFO">POST Request : url=http://localhost:3000/carrinhos 
 path_url=/carrinhos 
 headers={'User-Agent': 'python-requests/2.28.1', 'Accept-Encoding': 'gzip, deflate', 'Accept': '*/*', 'Connection': 'keep-alive', 'Authorization': 'Bearer eyJhbGciOiJIUzI1NiIsInR5cCI6IkpXVCJ9.eyJlbWFpbCI6ImV1c291dmFsaWRvQHFhLmNvbS5iciIsInBhc3N3b3JkIjoiZXVwYXNzZWkiLCJpYXQiOjE2NjIzNDI5MDAsImV4cCI6MTY2MjM0MzUwMH0.HCLxkV0vwNOC0o9Jsm6M9JG644e9yyZIH436qLs6rOw', 'Content-Length': '118', 'Content-Type': 'application/json'} 
 body=b'{"produtos": [{"idProduto": "3KGZd5IBb1Rau2L9", "quantidade": 1}, {"idProduto": "93QgTYUZ8FzpddJh", "quantidade": 1}]}' 
 </msg>
<msg timestamp="20220904 22:55:00.196" level="INFO">POST Response : url=http://localhost:3000/carrinhos 
 status=400, reason=Bad Request 
 headers={'Access-Control-Allow-Origin': '*', 'x-dns-prefetch-control': 'off', 'x-frame-options': 'SAMEORIGIN', 'strict-transport-security': 'max-age=15552000; includeSubDomains', 'x-download-options': 'noopen', 'x-content-type-options': 'nosniff', 'x-xss-protection': '1; mode=block', 'x-moesif-transaction-id': '9ebc6f19-83af-4174-b4ee-5ab709d97de5', 'Content-Type': 'application/json; charset=utf-8', 'Content-Length': '61', 'Date': 'Mon, 05 Sep 2022 01:55:00 GMT', 'Connection': 'keep-alive', 'Keep-Alive': 'timeout=5'} 
 body={
    "message": "Não é permitido ter mais de 1 carrinho"
} 
 </msg>
<msg timestamp="20220904 22:55:00.198" level="INFO">${response} = &lt;Response [400]&gt;</msg>
<status status="PASS" starttime="20220904 22:55:00.189" endtime="20220904 22:55:00.199"/>
</kw>
<kw name="Log To Console" library="BuiltIn">
<arg>Response: ${response.content}</arg>
<doc>Logs the given message to the console.</doc>
<status status="PASS" starttime="20220904 22:55:00.200" endtime="20220904 22:55:00.202"/>
</kw>
<kw name="Set Global Variable" library="BuiltIn">
<arg>${response}</arg>
<doc>Makes a variable available globally in all tests and suites.</doc>
<msg timestamp="20220904 22:55:00.203" level="INFO">${response} = &lt;Response [400]&gt;</msg>
<status status="PASS" starttime="20220904 22:55:00.202" endtime="20220904 22:55:00.204"/>
</kw>
<status status="PASS" starttime="20220904 22:55:00.185" endtime="20220904 22:55:00.205"/>
</kw>
<status status="PASS" starttime="20220904 22:55:00.166" endtime="20220904 22:55:00.205"/>
</kw>
<kw name="Validar Status Code &quot;400&quot;" library="common" sourcename="Validar Status Code &quot;${statuscode}&quot;">
<kw name="Should Be True" library="BuiltIn">
<arg>${response.status_code} == ${statuscode}</arg>
<doc>Fails if the given condition is not true.</doc>
<status status="PASS" starttime="20220904 22:55:00.206" endtime="20220904 22:55:00.208"/>
</kw>
<kw name="Log To Console" library="BuiltIn">
<arg>Status Code Retornado: ${response.status_code}</arg>
<doc>Logs the given message to the console.</doc>
<status status="PASS" starttime="20220904 22:55:00.208" endtime="20220904 22:55:00.209"/>
</kw>
<status status="PASS" starttime="20220904 22:55:00.205" endtime="20220904 22:55:00.210"/>
</kw>
<kw name="DELETE Endpoint /carrinhos/concluir-compra" library="carrinho_keywords">
<kw name="Create Dictionary" library="BuiltIn">
<var>&amp;{header}</var>
<arg>Authorization=${token_auth}</arg>
<doc>Creates and returns a dictionary based on the given ``items``.</doc>
<msg timestamp="20220904 22:55:00.212" level="INFO">&amp;{header} = { Authorization=Bearer eyJhbGciOiJIUzI1NiIsInR5cCI6IkpXVCJ9.eyJlbWFpbCI6ImV1c291dmFsaWRvQHFhLmNvbS5iciIsInBhc3N3b3JkIjoiZXVwYXNzZWkiLCJpYXQiOjE2NjIzNDI5MDAsImV4cCI6MTY2MjM0MzUwMH0.HCLxkV0vwNOC0o9Jsm6M...</msg>
<status status="PASS" starttime="20220904 22:55:00.211" endtime="20220904 22:55:00.214"/>
</kw>
<kw name="DELETE On Session" library="RequestsLibrary">
<var>${response}</var>
<arg>serverest</arg>
<arg>/carrinhos/concluir-compra/</arg>
<arg>headers=&amp;{header}</arg>
<arg>expected_status=any</arg>
<doc>Sends a DELETE request on a previously created HTTP Session.</doc>
<msg timestamp="20220904 22:55:00.221" level="INFO">DELETE Request : url=http://localhost:3000/carrinhos/concluir-compra/ 
 path_url=/carrinhos/concluir-compra/ 
 headers={'User-Agent': 'python-requests/2.28.1', 'Accept-Encoding': 'gzip, deflate', 'Accept': '*/*', 'Connection': 'keep-alive', 'Authorization': 'Bearer eyJhbGciOiJIUzI1NiIsInR5cCI6IkpXVCJ9.eyJlbWFpbCI6ImV1c291dmFsaWRvQHFhLmNvbS5iciIsInBhc3N3b3JkIjoiZXVwYXNzZWkiLCJpYXQiOjE2NjIzNDI5MDAsImV4cCI6MTY2MjM0MzUwMH0.HCLxkV0vwNOC0o9Jsm6M9JG644e9yyZIH436qLs6rOw', 'Content-Length': '0'} 
 body=None 
 </msg>
<msg timestamp="20220904 22:55:00.222" level="INFO">DELETE Response : url=http://localhost:3000/carrinhos/concluir-compra/ 
 status=200, reason=OK 
 headers={'Access-Control-Allow-Origin': '*', 'x-dns-prefetch-control': 'off', 'x-frame-options': 'SAMEORIGIN', 'strict-transport-security': 'max-age=15552000; includeSubDomains', 'x-download-options': 'noopen', 'x-content-type-options': 'nosniff', 'x-xss-protection': '1; mode=block', 'x-moesif-transaction-id': '276ded7d-cb3d-4f03-8b22-a2742fd0563c', 'Content-Type': 'application/json; charset=utf-8', 'Content-Length': '51', 'Date': 'Mon, 05 Sep 2022 01:55:00 GMT', 'Connection': 'keep-alive', 'Keep-Alive': 'timeout=5'} 
 body={
    "message": "Registro excluído com sucesso"
} 
 </msg>
<msg timestamp="20220904 22:55:00.223" level="INFO">${response} = &lt;Response [200]&gt;</msg>
<status status="PASS" starttime="20220904 22:55:00.215" endtime="20220904 22:55:00.224"/>
</kw>
<kw name="Log To Console" library="BuiltIn">
<arg>Response: ${response.content}</arg>
<doc>Logs the given message to the console.</doc>
<status status="PASS" starttime="20220904 22:55:00.224" endtime="20220904 22:55:00.226"/>
</kw>
<kw name="Set Global Variable" library="BuiltIn">
<arg>${response}</arg>
<doc>Makes a variable available globally in all tests and suites.</doc>
<msg timestamp="20220904 22:55:00.227" level="INFO">${response} = &lt;Response [200]&gt;</msg>
<status status="PASS" starttime="20220904 22:55:00.226" endtime="20220904 22:55:00.229"/>
</kw>
<status status="PASS" starttime="20220904 22:55:00.210" endtime="20220904 22:55:00.230"/>
</kw>
<tag>POST_CAR_400</tag>
<status status="PASS" starttime="20220904 22:55:00.042" endtime="20220904 22:55:00.230"/>
</test>
<test id="s1-s1-s1-t4" name="Cenario 04: POST Criar Carrinho Token Inválido 401" line="34">
<kw name="Selecionar Token Invalido" library="common">
<kw name="Set Variable" library="BuiltIn">
<var>${token_auth}</var>
<arg>12563737</arg>
<doc>Returns the given values which can then be assigned to a variables.</doc>
<msg timestamp="20220904 22:55:00.237" level="INFO">${token_auth} = 12563737</msg>
<status status="PASS" starttime="20220904 22:55:00.236" endtime="20220904 22:55:00.238"/>
</kw>
<kw name="Set Global Variable" library="BuiltIn">
<arg>${token_auth}</arg>
<doc>Makes a variable available globally in all tests and suites.</doc>
<msg timestamp="20220904 22:55:00.239" level="INFO">${token_auth} = 12563737</msg>
<status status="PASS" starttime="20220904 22:55:00.238" endtime="20220904 22:55:00.240"/>
</kw>
<status status="PASS" starttime="20220904 22:55:00.235" endtime="20220904 22:55:00.240"/>
</kw>
<kw name="Criar Carrinho Estatico Valido" library="carrinho_keywords">
<kw name="Importar JSON Estatico" library="common">
<var>${json}</var>
<arg>json_carrinho_ex.json</arg>
<kw name="Get File" library="OperatingSystem">
<var>${arquivo}</var>
<arg>${EXECDIR}/suporte/fixtures/static/${nome_arquivo}</arg>
<doc>Returns the contents of a specified file.</doc>
<msg timestamp="20220904 22:55:00.242" level="INFO" html="true">Getting file '&lt;a href="file://C:\Users\Meuacer2021\Dropbox\PC\Desktop\Robotron_Mari_Oliveira_Projeto_Final_Compass\suporte\fixtures\static\json_carrinho_ex.json"&gt;C:\Users\Meuacer2021\Dropbox\PC\Desktop\Robotron_Mari_Oliveira_Projeto_Final_Compass\suporte\fixtures\static\json_carrinho_ex.json&lt;/a&gt;'.</msg>
<msg timestamp="20220904 22:55:00.244" level="INFO">${arquivo} = {
    "produtos": [
        {
            "idProduto": "3KGZd5IBb1Rau2L9",
            "quantidade": 1
        },
        {
            "idProduto": "93QgTYUZ8FzpddJh",
            "quantidade": 1
   ...</msg>
<status status="PASS" starttime="20220904 22:55:00.242" endtime="20220904 22:55:00.245"/>
</kw>
<kw name="Evaluate" library="BuiltIn">
<var>${data}</var>
<arg>json.loads('''${arquivo}''')</arg>
<arg>json</arg>
<doc>Evaluates the given expression in Python and returns the result.</doc>
<msg timestamp="20220904 22:55:00.247" level="INFO">${data} = {'produtos': [{'idProduto': '3KGZd5IBb1Rau2L9', 'quantidade': 1}, {'idProduto': '93QgTYUZ8FzpddJh', 'quantidade': 1}]}</msg>
<status status="PASS" starttime="20220904 22:55:00.246" endtime="20220904 22:55:00.248"/>
</kw>
<msg timestamp="20220904 22:55:00.249" level="INFO">${json} = {'produtos': [{'idProduto': '3KGZd5IBb1Rau2L9', 'quantidade': 1}, {'idProduto': '93QgTYUZ8FzpddJh', 'quantidade': 1}]}</msg>
<status status="PASS" starttime="20220904 22:55:00.241" endtime="20220904 22:55:00.250"/>
</kw>
<kw name="Set Variable" library="BuiltIn">
<var>${payload}</var>
<arg>${json}</arg>
<doc>Returns the given values which can then be assigned to a variables.</doc>
<msg timestamp="20220904 22:55:00.251" level="INFO">${payload} = {'produtos': [{'idProduto': '3KGZd5IBb1Rau2L9', 'quantidade': 1}, {'idProduto': '93QgTYUZ8FzpddJh', 'quantidade': 1}]}</msg>
<status status="PASS" starttime="20220904 22:55:00.251" endtime="20220904 22:55:00.252"/>
</kw>
<kw name="Set Global Variable" library="BuiltIn">
<arg>${payload}</arg>
<doc>Makes a variable available globally in all tests and suites.</doc>
<msg timestamp="20220904 22:55:00.253" level="INFO">${payload} = {'produtos': [{'idProduto': '3KGZd5IBb1Rau2L9', 'quantidade': 1}, {'idProduto': '93QgTYUZ8FzpddJh', 'quantidade': 1}]}</msg>
<status status="PASS" starttime="20220904 22:55:00.252" endtime="20220904 22:55:00.255"/>
</kw>
<kw name="Log To Console" library="BuiltIn">
<arg>Response: ${payload}</arg>
<doc>Logs the given message to the console.</doc>
<status status="PASS" starttime="20220904 22:55:00.255" endtime="20220904 22:55:00.256"/>
</kw>
<kw name="POST Endpoint /carrinhos" library="carrinho_keywords">
<kw name="Create Dictionary" library="BuiltIn">
<var>&amp;{header}</var>
<arg>Authorization=${token_auth}</arg>
<doc>Creates and returns a dictionary based on the given ``items``.</doc>
<msg timestamp="20220904 22:55:00.258" level="INFO">&amp;{header} = { Authorization=12563737 }</msg>
<status status="PASS" starttime="20220904 22:55:00.257" endtime="20220904 22:55:00.259"/>
</kw>
<kw name="POST On Session" library="RequestsLibrary">
<var>${response}</var>
<arg>serverest</arg>
<arg>/carrinhos</arg>
<arg>json=&amp;{payload}</arg>
<arg>headers=&amp;{header}</arg>
<arg>expected_status=any</arg>
<doc>Sends a POST request on a previously created HTTP Session.</doc>
<msg timestamp="20220904 22:55:00.265" level="INFO">POST Request : url=http://localhost:3000/carrinhos 
 path_url=/carrinhos 
 headers={'User-Agent': 'python-requests/2.28.1', 'Accept-Encoding': 'gzip, deflate', 'Accept': '*/*', 'Connection': 'keep-alive', 'Authorization': '12563737', 'Content-Length': '118', 'Content-Type': 'application/json'} 
 body=b'{"produtos": [{"idProduto": "3KGZd5IBb1Rau2L9", "quantidade": 1}, {"idProduto": "93QgTYUZ8FzpddJh", "quantidade": 1}]}' 
 </msg>
<msg timestamp="20220904 22:55:00.266" level="INFO">POST Response : url=http://localhost:3000/carrinhos 
 status=401, reason=Unauthorized 
 headers={'Access-Control-Allow-Origin': '*', 'x-dns-prefetch-control': 'off', 'x-frame-options': 'SAMEORIGIN', 'strict-transport-security': 'max-age=15552000; includeSubDomains', 'x-download-options': 'noopen', 'x-content-type-options': 'nosniff', 'x-xss-protection': '1; mode=block', 'x-moesif-transaction-id': '2990af3e-c6d5-4917-985f-29274f3e1313', 'Content-Type': 'application/json; charset=utf-8', 'Content-Length': '103', 'Date': 'Mon, 05 Sep 2022 01:55:00 GMT', 'Connection': 'keep-alive', 'Keep-Alive': 'timeout=5'} 
 body={
    "message": "Token de acesso ausente, inválido, expirado ou usuário do token não existe mais"
} 
 </msg>
<msg timestamp="20220904 22:55:00.268" level="INFO">${response} = &lt;Response [401]&gt;</msg>
<status status="PASS" starttime="20220904 22:55:00.259" endtime="20220904 22:55:00.269"/>
</kw>
<kw name="Log To Console" library="BuiltIn">
<arg>Response: ${response.content}</arg>
<doc>Logs the given message to the console.</doc>
<status status="PASS" starttime="20220904 22:55:00.269" endtime="20220904 22:55:00.271"/>
</kw>
<kw name="Set Global Variable" library="BuiltIn">
<arg>${response}</arg>
<doc>Makes a variable available globally in all tests and suites.</doc>
<msg timestamp="20220904 22:55:00.272" level="INFO">${response} = &lt;Response [401]&gt;</msg>
<status status="PASS" starttime="20220904 22:55:00.271" endtime="20220904 22:55:00.273"/>
</kw>
<status status="PASS" starttime="20220904 22:55:00.256" endtime="20220904 22:55:00.273"/>
</kw>
<status status="PASS" starttime="20220904 22:55:00.240" endtime="20220904 22:55:00.274"/>
</kw>
<kw name="Validar Status Code &quot;401&quot;" library="common" sourcename="Validar Status Code &quot;${statuscode}&quot;">
<kw name="Should Be True" library="BuiltIn">
<arg>${response.status_code} == ${statuscode}</arg>
<doc>Fails if the given condition is not true.</doc>
<status status="PASS" starttime="20220904 22:55:00.275" endtime="20220904 22:55:00.276"/>
</kw>
<kw name="Log To Console" library="BuiltIn">
<arg>Status Code Retornado: ${response.status_code}</arg>
<doc>Logs the given message to the console.</doc>
<status status="PASS" starttime="20220904 22:55:00.276" endtime="20220904 22:55:00.278"/>
</kw>
<status status="PASS" starttime="20220904 22:55:00.274" endtime="20220904 22:55:00.279"/>
</kw>
<tag>POST_CAR_401</tag>
<status status="PASS" starttime="20220904 22:55:00.233" endtime="20220904 22:55:00.279"/>
</test>
<test id="s1-s1-s1-t5" name="Cenario 05: GET Buscar Carrinho 200" line="40">
<kw name="Fazer Login e armazenar Token" library="login_keywords">
<kw name="POST Endpoint /login static" library="login_keywords">
<kw name="Importar JSON Estatico" library="common">
<var>${json}</var>
<arg>json_login_ex.json</arg>
<kw name="Get File" library="OperatingSystem">
<var>${arquivo}</var>
<arg>${EXECDIR}/suporte/fixtures/static/${nome_arquivo}</arg>
<doc>Returns the contents of a specified file.</doc>
<msg timestamp="20220904 22:55:00.287" level="INFO" html="true">Getting file '&lt;a href="file://C:\Users\Meuacer2021\Dropbox\PC\Desktop\Robotron_Mari_Oliveira_Projeto_Final_Compass\suporte\fixtures\static\json_login_ex.json"&gt;C:\Users\Meuacer2021\Dropbox\PC\Desktop\Robotron_Mari_Oliveira_Projeto_Final_Compass\suporte\fixtures\static\json_login_ex.json&lt;/a&gt;'.</msg>
<msg timestamp="20220904 22:55:00.288" level="INFO">${arquivo} = {
    "user_valido": {
        "email":"eusouvalido@qa.com.br",
        "password":"eupassei"
    },
    "user_invalido": {
        "email":"eusouvalido@gmail.com",
        "senha":"EUNAOPASSO"
    },...</msg>
<status status="PASS" starttime="20220904 22:55:00.286" endtime="20220904 22:55:00.289"/>
</kw>
<kw name="Evaluate" library="BuiltIn">
<var>${data}</var>
<arg>json.loads('''${arquivo}''')</arg>
<arg>json</arg>
<doc>Evaluates the given expression in Python and returns the result.</doc>
<msg timestamp="20220904 22:55:00.290" level="INFO">${data} = {'user_valido': {'email': 'eusouvalido@qa.com.br', 'password': 'eupassei'}, 'user_invalido': {'email': 'eusouvalido@gmail.com', 'senha': 'EUNAOPASSO'}, 'user_sem_senha': {'email': 'euqueropassar@gmail...</msg>
<status status="PASS" starttime="20220904 22:55:00.289" endtime="20220904 22:55:00.291"/>
</kw>
<msg timestamp="20220904 22:55:00.291" level="INFO">${json} = {'user_valido': {'email': 'eusouvalido@qa.com.br', 'password': 'eupassei'}, 'user_invalido': {'email': 'eusouvalido@gmail.com', 'senha': 'EUNAOPASSO'}, 'user_sem_senha': {'email': 'euqueropassar@gmail...</msg>
<status status="PASS" starttime="20220904 22:55:00.285" endtime="20220904 22:55:00.292"/>
</kw>
<kw name="Set Variable" library="BuiltIn">
<var>${payload}</var>
<arg>${json["user_valido"]}</arg>
<doc>Returns the given values which can then be assigned to a variables.</doc>
<msg timestamp="20220904 22:55:00.294" level="INFO">${payload} = {'email': 'eusouvalido@qa.com.br', 'password': 'eupassei'}</msg>
<status status="PASS" starttime="20220904 22:55:00.293" endtime="20220904 22:55:00.296"/>
</kw>
<kw name="Set Global Variable" library="BuiltIn">
<arg>${payload}</arg>
<doc>Makes a variable available globally in all tests and suites.</doc>
<msg timestamp="20220904 22:55:00.298" level="INFO">${payload} = {'email': 'eusouvalido@qa.com.br', 'password': 'eupassei'}</msg>
<status status="PASS" starttime="20220904 22:55:00.297" endtime="20220904 22:55:00.300"/>
</kw>
<kw name="POST On Session" library="RequestsLibrary">
<var>${response}</var>
<arg>serverest</arg>
<arg>/login</arg>
<arg>json=&amp;{payload}</arg>
<doc>Sends a POST request on a previously created HTTP Session.</doc>
<msg timestamp="20220904 22:55:00.305" level="INFO">POST Request : url=http://localhost:3000/login 
 path_url=/login 
 headers={'User-Agent': 'python-requests/2.28.1', 'Accept-Encoding': 'gzip, deflate', 'Accept': '*/*', 'Connection': 'keep-alive', 'Content-Length': '58', 'Content-Type': 'application/json'} 
 body=b'{"email": "eusouvalido@qa.com.br", "password": "eupassei"}' 
 </msg>
<msg timestamp="20220904 22:55:00.306" level="INFO">POST Response : url=http://localhost:3000/login 
 status=200, reason=OK 
 headers={'Access-Control-Allow-Origin': '*', 'x-dns-prefetch-control': 'off', 'x-frame-options': 'SAMEORIGIN', 'strict-transport-security': 'max-age=15552000; includeSubDomains', 'x-download-options': 'noopen', 'x-content-type-options': 'nosniff', 'x-xss-protection': '1; mode=block', 'x-moesif-transaction-id': '3e9e09f1-7090-4be4-8ddf-40050f17d74e', 'Content-Type': 'application/json; charset=utf-8', 'Content-Length': '280', 'Date': 'Mon, 05 Sep 2022 01:55:00 GMT', 'Connection': 'keep-alive', 'Keep-Alive': 'timeout=5'} 
 body={
    "message": "Login realizado com sucesso",
    "authorization": "Bearer eyJhbGciOiJIUzI1NiIsInR5cCI6IkpXVCJ9.eyJlbWFpbCI6ImV1c291dmFsaWRvQHFhLmNvbS5iciIsInBhc3N3b3JkIjoiZXVwYXNzZWkiLCJpYXQiOjE2NjIzNDI5MDAsImV4cCI6MTY2MjM0MzUwMH0.HCLxkV0vwNOC0o9Jsm6M9JG644e9yyZIH436qLs6rOw"
} 
 </msg>
<msg timestamp="20220904 22:55:00.308" level="INFO">${response} = &lt;Response [200]&gt;</msg>
<status status="PASS" starttime="20220904 22:55:00.300" endtime="20220904 22:55:00.309"/>
</kw>
<kw name="Log To Console" library="BuiltIn">
<arg>Response:${response.content}</arg>
<doc>Logs the given message to the console.</doc>
<status status="PASS" starttime="20220904 22:55:00.309" endtime="20220904 22:55:00.312"/>
</kw>
<kw name="Set Global Variable" library="BuiltIn">
<arg>${response}</arg>
<doc>Makes a variable available globally in all tests and suites.</doc>
<msg timestamp="20220904 22:55:00.314" level="INFO">${response} = &lt;Response [200]&gt;</msg>
<status status="PASS" starttime="20220904 22:55:00.313" endtime="20220904 22:55:00.315"/>
</kw>
<status status="PASS" starttime="20220904 22:55:00.285" endtime="20220904 22:55:00.316"/>
</kw>
<kw name="Validar Ter Logado" library="login_keywords">
<kw name="Should Be Equal" library="BuiltIn">
<arg>${response.json()["message"]}</arg>
<arg>Login realizado com sucesso</arg>
<doc>Fails if the given objects are unequal.</doc>
<status status="PASS" starttime="20220904 22:55:00.317" endtime="20220904 22:55:00.318"/>
</kw>
<kw name="Should Not Be Empty" library="BuiltIn">
<arg>${response.json()["authorization"]}</arg>
<doc>Verifies that the given item is not empty.</doc>
<msg timestamp="20220904 22:55:00.319" level="INFO">Length is 207</msg>
<status status="PASS" starttime="20220904 22:55:00.318" endtime="20220904 22:55:00.320"/>
</kw>
<status status="PASS" starttime="20220904 22:55:00.316" endtime="20220904 22:55:00.320"/>
</kw>
<kw name="Set Variable" library="BuiltIn">
<var>${token_auth}</var>
<arg>${response.json()["authorization"]}</arg>
<doc>Returns the given values which can then be assigned to a variables.</doc>
<msg timestamp="20220904 22:55:00.322" level="INFO">${token_auth} = Bearer eyJhbGciOiJIUzI1NiIsInR5cCI6IkpXVCJ9.eyJlbWFpbCI6ImV1c291dmFsaWRvQHFhLmNvbS5iciIsInBhc3N3b3JkIjoiZXVwYXNzZWkiLCJpYXQiOjE2NjIzNDI5MDAsImV4cCI6MTY2MjM0MzUwMH0.HCLxkV0vwNOC0o9Jsm6M9JG644e9yyZIH436...</msg>
<status status="PASS" starttime="20220904 22:55:00.321" endtime="20220904 22:55:00.323"/>
</kw>
<kw name="Log To Console" library="BuiltIn">
<arg>Token Salvo:${token_auth}</arg>
<doc>Logs the given message to the console.</doc>
<status status="PASS" starttime="20220904 22:55:00.324" endtime="20220904 22:55:00.325"/>
</kw>
<kw name="Set Global Variable" library="BuiltIn">
<arg>${token_auth}</arg>
<doc>Makes a variable available globally in all tests and suites.</doc>
<msg timestamp="20220904 22:55:00.326" level="INFO">${token_auth} = Bearer eyJhbGciOiJIUzI1NiIsInR5cCI6IkpXVCJ9.eyJlbWFpbCI6ImV1c291dmFsaWRvQHFhLmNvbS5iciIsInBhc3N3b3JkIjoiZXVwYXNzZWkiLCJpYXQiOjE2NjIzNDI5MDAsImV4cCI6MTY2MjM0MzUwMH0.HCLxkV0vwNOC0o9Jsm6M9JG644e9yyZIH436...</msg>
<status status="PASS" starttime="20220904 22:55:00.325" endtime="20220904 22:55:00.327"/>
</kw>
<status status="PASS" starttime="20220904 22:55:00.284" endtime="20220904 22:55:00.328"/>
</kw>
<kw name="Criar Carrinho Estatico Valido" library="carrinho_keywords">
<kw name="Importar JSON Estatico" library="common">
<var>${json}</var>
<arg>json_carrinho_ex.json</arg>
<kw name="Get File" library="OperatingSystem">
<var>${arquivo}</var>
<arg>${EXECDIR}/suporte/fixtures/static/${nome_arquivo}</arg>
<doc>Returns the contents of a specified file.</doc>
<msg timestamp="20220904 22:55:00.332" level="INFO" html="true">Getting file '&lt;a href="file://C:\Users\Meuacer2021\Dropbox\PC\Desktop\Robotron_Mari_Oliveira_Projeto_Final_Compass\suporte\fixtures\static\json_carrinho_ex.json"&gt;C:\Users\Meuacer2021\Dropbox\PC\Desktop\Robotron_Mari_Oliveira_Projeto_Final_Compass\suporte\fixtures\static\json_carrinho_ex.json&lt;/a&gt;'.</msg>
<msg timestamp="20220904 22:55:00.334" level="INFO">${arquivo} = {
    "produtos": [
        {
            "idProduto": "3KGZd5IBb1Rau2L9",
            "quantidade": 1
        },
        {
            "idProduto": "93QgTYUZ8FzpddJh",
            "quantidade": 1
   ...</msg>
<status status="PASS" starttime="20220904 22:55:00.331" endtime="20220904 22:55:00.335"/>
</kw>
<kw name="Evaluate" library="BuiltIn">
<var>${data}</var>
<arg>json.loads('''${arquivo}''')</arg>
<arg>json</arg>
<doc>Evaluates the given expression in Python and returns the result.</doc>
<msg timestamp="20220904 22:55:00.336" level="INFO">${data} = {'produtos': [{'idProduto': '3KGZd5IBb1Rau2L9', 'quantidade': 1}, {'idProduto': '93QgTYUZ8FzpddJh', 'quantidade': 1}]}</msg>
<status status="PASS" starttime="20220904 22:55:00.335" endtime="20220904 22:55:00.337"/>
</kw>
<msg timestamp="20220904 22:55:00.337" level="INFO">${json} = {'produtos': [{'idProduto': '3KGZd5IBb1Rau2L9', 'quantidade': 1}, {'idProduto': '93QgTYUZ8FzpddJh', 'quantidade': 1}]}</msg>
<status status="PASS" starttime="20220904 22:55:00.330" endtime="20220904 22:55:00.338"/>
</kw>
<kw name="Set Variable" library="BuiltIn">
<var>${payload}</var>
<arg>${json}</arg>
<doc>Returns the given values which can then be assigned to a variables.</doc>
<msg timestamp="20220904 22:55:00.339" level="INFO">${payload} = {'produtos': [{'idProduto': '3KGZd5IBb1Rau2L9', 'quantidade': 1}, {'idProduto': '93QgTYUZ8FzpddJh', 'quantidade': 1}]}</msg>
<status status="PASS" starttime="20220904 22:55:00.339" endtime="20220904 22:55:00.341"/>
</kw>
<kw name="Set Global Variable" library="BuiltIn">
<arg>${payload}</arg>
<doc>Makes a variable available globally in all tests and suites.</doc>
<msg timestamp="20220904 22:55:00.341" level="INFO">${payload} = {'produtos': [{'idProduto': '3KGZd5IBb1Rau2L9', 'quantidade': 1}, {'idProduto': '93QgTYUZ8FzpddJh', 'quantidade': 1}]}</msg>
<status status="PASS" starttime="20220904 22:55:00.341" endtime="20220904 22:55:00.342"/>
</kw>
<kw name="Log To Console" library="BuiltIn">
<arg>Response: ${payload}</arg>
<doc>Logs the given message to the console.</doc>
<status status="PASS" starttime="20220904 22:55:00.343" endtime="20220904 22:55:00.344"/>
</kw>
<kw name="POST Endpoint /carrinhos" library="carrinho_keywords">
<kw name="Create Dictionary" library="BuiltIn">
<var>&amp;{header}</var>
<arg>Authorization=${token_auth}</arg>
<doc>Creates and returns a dictionary based on the given ``items``.</doc>
<msg timestamp="20220904 22:55:00.349" level="INFO">&amp;{header} = { Authorization=Bearer eyJhbGciOiJIUzI1NiIsInR5cCI6IkpXVCJ9.eyJlbWFpbCI6ImV1c291dmFsaWRvQHFhLmNvbS5iciIsInBhc3N3b3JkIjoiZXVwYXNzZWkiLCJpYXQiOjE2NjIzNDI5MDAsImV4cCI6MTY2MjM0MzUwMH0.HCLxkV0vwNOC0o9Jsm6M...</msg>
<status status="PASS" starttime="20220904 22:55:00.347" endtime="20220904 22:55:00.350"/>
</kw>
<kw name="POST On Session" library="RequestsLibrary">
<var>${response}</var>
<arg>serverest</arg>
<arg>/carrinhos</arg>
<arg>json=&amp;{payload}</arg>
<arg>headers=&amp;{header}</arg>
<arg>expected_status=any</arg>
<doc>Sends a POST request on a previously created HTTP Session.</doc>
<msg timestamp="20220904 22:55:00.356" level="INFO">POST Request : url=http://localhost:3000/carrinhos 
 path_url=/carrinhos 
 headers={'User-Agent': 'python-requests/2.28.1', 'Accept-Encoding': 'gzip, deflate', 'Accept': '*/*', 'Connection': 'keep-alive', 'Authorization': 'Bearer eyJhbGciOiJIUzI1NiIsInR5cCI6IkpXVCJ9.eyJlbWFpbCI6ImV1c291dmFsaWRvQHFhLmNvbS5iciIsInBhc3N3b3JkIjoiZXVwYXNzZWkiLCJpYXQiOjE2NjIzNDI5MDAsImV4cCI6MTY2MjM0MzUwMH0.HCLxkV0vwNOC0o9Jsm6M9JG644e9yyZIH436qLs6rOw', 'Content-Length': '118', 'Content-Type': 'application/json'} 
 body=b'{"produtos": [{"idProduto": "3KGZd5IBb1Rau2L9", "quantidade": 1}, {"idProduto": "93QgTYUZ8FzpddJh", "quantidade": 1}]}' 
 </msg>
<msg timestamp="20220904 22:55:00.358" level="INFO">POST Response : url=http://localhost:3000/carrinhos 
 status=201, reason=Created 
 headers={'Access-Control-Allow-Origin': '*', 'x-dns-prefetch-control': 'off', 'x-frame-options': 'SAMEORIGIN', 'strict-transport-security': 'max-age=15552000; includeSubDomains', 'x-download-options': 'noopen', 'x-content-type-options': 'nosniff', 'x-xss-protection': '1; mode=block', 'x-moesif-transaction-id': '3d65b57d-97fc-4626-93ec-5141f91d73e1', 'Content-Type': 'application/json; charset=utf-8', 'Content-Length': '82', 'Date': 'Mon, 05 Sep 2022 01:55:00 GMT', 'Connection': 'keep-alive', 'Keep-Alive': 'timeout=5'} 
 body={
    "message": "Cadastro realizado com sucesso",
    "_id": "1FR8XD3msPEQ0KNN"
} 
 </msg>
<msg timestamp="20220904 22:55:00.359" level="INFO">${response} = &lt;Response [201]&gt;</msg>
<status status="PASS" starttime="20220904 22:55:00.350" endtime="20220904 22:55:00.360"/>
</kw>
<kw name="Log To Console" library="BuiltIn">
<arg>Response: ${response.content}</arg>
<doc>Logs the given message to the console.</doc>
<status status="PASS" starttime="20220904 22:55:00.361" endtime="20220904 22:55:00.363"/>
</kw>
<kw name="Set Global Variable" library="BuiltIn">
<arg>${response}</arg>
<doc>Makes a variable available globally in all tests and suites.</doc>
<msg timestamp="20220904 22:55:00.365" level="INFO">${response} = &lt;Response [201]&gt;</msg>
<status status="PASS" starttime="20220904 22:55:00.364" endtime="20220904 22:55:00.366"/>
</kw>
<status status="PASS" starttime="20220904 22:55:00.345" endtime="20220904 22:55:00.367"/>
</kw>
<status status="PASS" starttime="20220904 22:55:00.329" endtime="20220904 22:55:00.368"/>
</kw>
<kw name="DELETE Endpoint /carrinhos/concluir-compra" library="carrinho_keywords">
<kw name="Create Dictionary" library="BuiltIn">
<var>&amp;{header}</var>
<arg>Authorization=${token_auth}</arg>
<doc>Creates and returns a dictionary based on the given ``items``.</doc>
<msg timestamp="20220904 22:55:00.371" level="INFO">&amp;{header} = { Authorization=Bearer eyJhbGciOiJIUzI1NiIsInR5cCI6IkpXVCJ9.eyJlbWFpbCI6ImV1c291dmFsaWRvQHFhLmNvbS5iciIsInBhc3N3b3JkIjoiZXVwYXNzZWkiLCJpYXQiOjE2NjIzNDI5MDAsImV4cCI6MTY2MjM0MzUwMH0.HCLxkV0vwNOC0o9Jsm6M...</msg>
<status status="PASS" starttime="20220904 22:55:00.370" endtime="20220904 22:55:00.372"/>
</kw>
<kw name="DELETE On Session" library="RequestsLibrary">
<var>${response}</var>
<arg>serverest</arg>
<arg>/carrinhos/concluir-compra/</arg>
<arg>headers=&amp;{header}</arg>
<arg>expected_status=any</arg>
<doc>Sends a DELETE request on a previously created HTTP Session.</doc>
<msg timestamp="20220904 22:55:00.376" level="INFO">DELETE Request : url=http://localhost:3000/carrinhos/concluir-compra/ 
 path_url=/carrinhos/concluir-compra/ 
 headers={'User-Agent': 'python-requests/2.28.1', 'Accept-Encoding': 'gzip, deflate', 'Accept': '*/*', 'Connection': 'keep-alive', 'Authorization': 'Bearer eyJhbGciOiJIUzI1NiIsInR5cCI6IkpXVCJ9.eyJlbWFpbCI6ImV1c291dmFsaWRvQHFhLmNvbS5iciIsInBhc3N3b3JkIjoiZXVwYXNzZWkiLCJpYXQiOjE2NjIzNDI5MDAsImV4cCI6MTY2MjM0MzUwMH0.HCLxkV0vwNOC0o9Jsm6M9JG644e9yyZIH436qLs6rOw', 'Content-Length': '0'} 
 body=None 
 </msg>
<msg timestamp="20220904 22:55:00.379" level="INFO">DELETE Response : url=http://localhost:3000/carrinhos/concluir-compra/ 
 status=200, reason=OK 
 headers={'Access-Control-Allow-Origin': '*', 'x-dns-prefetch-control': 'off', 'x-frame-options': 'SAMEORIGIN', 'strict-transport-security': 'max-age=15552000; includeSubDomains', 'x-download-options': 'noopen', 'x-content-type-options': 'nosniff', 'x-xss-protection': '1; mode=block', 'x-moesif-transaction-id': '31dab4b4-7181-4914-a6e2-65027ebcdeac', 'Content-Type': 'application/json; charset=utf-8', 'Content-Length': '51', 'Date': 'Mon, 05 Sep 2022 01:55:00 GMT', 'Connection': 'keep-alive', 'Keep-Alive': 'timeout=5'} 
 body={
    "message": "Registro excluído com sucesso"
} 
 </msg>
<msg timestamp="20220904 22:55:00.381" level="INFO">${response} = &lt;Response [200]&gt;</msg>
<status status="PASS" starttime="20220904 22:55:00.372" endtime="20220904 22:55:00.382"/>
</kw>
<kw name="Log To Console" library="BuiltIn">
<arg>Response: ${response.content}</arg>
<doc>Logs the given message to the console.</doc>
<status status="PASS" starttime="20220904 22:55:00.383" endtime="20220904 22:55:00.384"/>
</kw>
<kw name="Set Global Variable" library="BuiltIn">
<arg>${response}</arg>
<doc>Makes a variable available globally in all tests and suites.</doc>
<msg timestamp="20220904 22:55:00.386" level="INFO">${response} = &lt;Response [200]&gt;</msg>
<status status="PASS" starttime="20220904 22:55:00.385" endtime="20220904 22:55:00.388"/>
</kw>
<status status="PASS" starttime="20220904 22:55:00.369" endtime="20220904 22:55:00.388"/>
</kw>
<tag>GET_CAR_200</tag>
<status status="PASS" starttime="20220904 22:55:00.283" endtime="20220904 22:55:00.389"/>
</test>
<test id="s1-s1-s1-t6" name="Cenario 06: GET Buscar Carrinho Não Encontrado 400" line="46">
<kw name="Fazer Login e armazenar Token" library="login_keywords">
<kw name="POST Endpoint /login static" library="login_keywords">
<kw name="Importar JSON Estatico" library="common">
<var>${json}</var>
<arg>json_login_ex.json</arg>
<kw name="Get File" library="OperatingSystem">
<var>${arquivo}</var>
<arg>${EXECDIR}/suporte/fixtures/static/${nome_arquivo}</arg>
<doc>Returns the contents of a specified file.</doc>
<msg timestamp="20220904 22:55:00.396" level="INFO" html="true">Getting file '&lt;a href="file://C:\Users\Meuacer2021\Dropbox\PC\Desktop\Robotron_Mari_Oliveira_Projeto_Final_Compass\suporte\fixtures\static\json_login_ex.json"&gt;C:\Users\Meuacer2021\Dropbox\PC\Desktop\Robotron_Mari_Oliveira_Projeto_Final_Compass\suporte\fixtures\static\json_login_ex.json&lt;/a&gt;'.</msg>
<msg timestamp="20220904 22:55:00.399" level="INFO">${arquivo} = {
    "user_valido": {
        "email":"eusouvalido@qa.com.br",
        "password":"eupassei"
    },
    "user_invalido": {
        "email":"eusouvalido@gmail.com",
        "senha":"EUNAOPASSO"
    },...</msg>
<status status="PASS" starttime="20220904 22:55:00.395" endtime="20220904 22:55:00.400"/>
</kw>
<kw name="Evaluate" library="BuiltIn">
<var>${data}</var>
<arg>json.loads('''${arquivo}''')</arg>
<arg>json</arg>
<doc>Evaluates the given expression in Python and returns the result.</doc>
<msg timestamp="20220904 22:55:00.401" level="INFO">${data} = {'user_valido': {'email': 'eusouvalido@qa.com.br', 'password': 'eupassei'}, 'user_invalido': {'email': 'eusouvalido@gmail.com', 'senha': 'EUNAOPASSO'}, 'user_sem_senha': {'email': 'euqueropassar@gmail...</msg>
<status status="PASS" starttime="20220904 22:55:00.401" endtime="20220904 22:55:00.403"/>
</kw>
<msg timestamp="20220904 22:55:00.403" level="INFO">${json} = {'user_valido': {'email': 'eusouvalido@qa.com.br', 'password': 'eupassei'}, 'user_invalido': {'email': 'eusouvalido@gmail.com', 'senha': 'EUNAOPASSO'}, 'user_sem_senha': {'email': 'euqueropassar@gmail...</msg>
<status status="PASS" starttime="20220904 22:55:00.394" endtime="20220904 22:55:00.404"/>
</kw>
<kw name="Set Variable" library="BuiltIn">
<var>${payload}</var>
<arg>${json["user_valido"]}</arg>
<doc>Returns the given values which can then be assigned to a variables.</doc>
<msg timestamp="20220904 22:55:00.406" level="INFO">${payload} = {'email': 'eusouvalido@qa.com.br', 'password': 'eupassei'}</msg>
<status status="PASS" starttime="20220904 22:55:00.405" endtime="20220904 22:55:00.407"/>
</kw>
<kw name="Set Global Variable" library="BuiltIn">
<arg>${payload}</arg>
<doc>Makes a variable available globally in all tests and suites.</doc>
<msg timestamp="20220904 22:55:00.408" level="INFO">${payload} = {'email': 'eusouvalido@qa.com.br', 'password': 'eupassei'}</msg>
<status status="PASS" starttime="20220904 22:55:00.407" endtime="20220904 22:55:00.409"/>
</kw>
<kw name="POST On Session" library="RequestsLibrary">
<var>${response}</var>
<arg>serverest</arg>
<arg>/login</arg>
<arg>json=&amp;{payload}</arg>
<doc>Sends a POST request on a previously created HTTP Session.</doc>
<msg timestamp="20220904 22:55:00.415" level="INFO">POST Request : url=http://localhost:3000/login 
 path_url=/login 
 headers={'User-Agent': 'python-requests/2.28.1', 'Accept-Encoding': 'gzip, deflate', 'Accept': '*/*', 'Connection': 'keep-alive', 'Content-Length': '58', 'Content-Type': 'application/json'} 
 body=b'{"email": "eusouvalido@qa.com.br", "password": "eupassei"}' 
 </msg>
<msg timestamp="20220904 22:55:00.416" level="INFO">POST Response : url=http://localhost:3000/login 
 status=200, reason=OK 
 headers={'Access-Control-Allow-Origin': '*', 'x-dns-prefetch-control': 'off', 'x-frame-options': 'SAMEORIGIN', 'strict-transport-security': 'max-age=15552000; includeSubDomains', 'x-download-options': 'noopen', 'x-content-type-options': 'nosniff', 'x-xss-protection': '1; mode=block', 'x-moesif-transaction-id': '08a49f1d-2518-4363-ad1d-137c77d1d169', 'Content-Type': 'application/json; charset=utf-8', 'Content-Length': '280', 'Date': 'Mon, 05 Sep 2022 01:55:00 GMT', 'Connection': 'keep-alive', 'Keep-Alive': 'timeout=5'} 
 body={
    "message": "Login realizado com sucesso",
    "authorization": "Bearer eyJhbGciOiJIUzI1NiIsInR5cCI6IkpXVCJ9.eyJlbWFpbCI6ImV1c291dmFsaWRvQHFhLmNvbS5iciIsInBhc3N3b3JkIjoiZXVwYXNzZWkiLCJpYXQiOjE2NjIzNDI5MDAsImV4cCI6MTY2MjM0MzUwMH0.HCLxkV0vwNOC0o9Jsm6M9JG644e9yyZIH436qLs6rOw"
} 
 </msg>
<msg timestamp="20220904 22:55:00.418" level="INFO">${response} = &lt;Response [200]&gt;</msg>
<status status="PASS" starttime="20220904 22:55:00.409" endtime="20220904 22:55:00.419"/>
</kw>
<kw name="Log To Console" library="BuiltIn">
<arg>Response:${response.content}</arg>
<doc>Logs the given message to the console.</doc>
<status status="PASS" starttime="20220904 22:55:00.419" endtime="20220904 22:55:00.421"/>
</kw>
<kw name="Set Global Variable" library="BuiltIn">
<arg>${response}</arg>
[...]
<branch type="IF" condition="&quot;${response.status_code}&quot; == &quot;201&quot;">
<kw name="Set Variable" library="BuiltIn">
<var>${id}</var>
<arg>${response.json()["_id"]}</arg>
<doc>Returns the given values which can then be assigned to a variables.</doc>
<status status="NOT RUN" starttime="20220904 22:55:03.051" endtime="20220904 22:55:03.051"/>
</kw>
<kw name="Set Global Variable" library="BuiltIn">
<arg>${id}</arg>
<doc>Makes a variable available globally in all tests and suites.</doc>
<status status="NOT RUN" starttime="20220904 22:55:03.052" endtime="20220904 22:55:03.052"/>
</kw>
<status status="NOT RUN" starttime="20220904 22:55:03.051" endtime="20220904 22:55:03.052"/>
</branch>
<status status="PASS" starttime="20220904 22:55:03.050" endtime="20220904 22:55:03.052"/>
</if>
<status status="PASS" starttime="20220904 22:55:03.004" endtime="20220904 22:55:03.052"/>
</kw>
<kw name="Validar Status Code &quot;405&quot;" library="common" sourcename="Validar Status Code &quot;${statuscode}&quot;">
<kw name="Should Be True" library="BuiltIn">
<arg>${response.status_code} == ${statuscode}</arg>
<doc>Fails if the given condition is not true.</doc>
<msg timestamp="20220904 22:55:03.055" level="FAIL">'400 == 405' should be true.</msg>
<status status="FAIL" starttime="20220904 22:55:03.054" endtime="20220904 22:55:03.058"/>
</kw>
<kw name="Log To Console" library="BuiltIn">
<arg>Status Code Retornado: ${response.status_code}</arg>
<doc>Logs the given message to the console.</doc>
<status status="NOT RUN" starttime="20220904 22:55:03.058" endtime="20220904 22:55:03.058"/>
</kw>
<status status="FAIL" starttime="20220904 22:55:03.053" endtime="20220904 22:55:03.060"/>
</kw>
<tag>CADASTRAR USUARIO ME 400</tag>
<status status="FAIL" starttime="20220904 22:55:02.975" endtime="20220904 22:55:03.062">'400 == 405' should be true.</status>
</test>
<test id="s1-s1-s4-t11" name="Cenário 11: DELETE Usuario ID 200" line="87">
<kw name="Criar Usuario Dinamico Admin" library="dynamics">
<kw name="Name" library="FakerLibrary">
<var>${nome_usuario}</var>
<doc>:example 'John Doe'</doc>
<msg timestamp="20220904 22:55:03.070" level="INFO">${nome_usuario} = Shannon Edwards</msg>
<status status="PASS" starttime="20220904 22:55:03.068" endtime="20220904 22:55:03.071"/>
</kw>
<kw name="Email" library="FakerLibrary">
<var>${email_usuario}</var>
<msg timestamp="20220904 22:55:03.073" level="INFO">${email_usuario} = douglasmatthew@example.org</msg>
<status status="PASS" starttime="20220904 22:55:03.072" endtime="20220904 22:55:03.074"/>
</kw>
<kw name="Password" library="FakerLibrary">
<var>${password_usuario}</var>
<doc>Generate a random password of the specified ``length``.</doc>
<msg timestamp="20220904 22:55:03.076" level="INFO">${password_usuario} = 44IvY5Xh*L</msg>
<status status="PASS" starttime="20220904 22:55:03.075" endtime="20220904 22:55:03.079"/>
</kw>
<kw name="Create Dictionary" library="BuiltIn">
<var>${payload}</var>
<arg>nome=${nome_usuario}</arg>
<arg>email=${email_usuario}</arg>
<arg>password=${password_usuario}</arg>
<arg>administrador=true</arg>
<doc>Creates and returns a dictionary based on the given ``items``.</doc>
<msg timestamp="20220904 22:55:03.081" level="INFO">${payload} = {'nome': 'Shannon Edwards', 'email': 'douglasmatthew@example.org', 'password': '44IvY5Xh*L', 'administrador': 'true'}</msg>
<status status="PASS" starttime="20220904 22:55:03.079" endtime="20220904 22:55:03.082"/>
</kw>
<kw name="Log To Console" library="BuiltIn">
<arg>${payload}</arg>
<doc>Logs the given message to the console.</doc>
<status status="PASS" starttime="20220904 22:55:03.082" endtime="20220904 22:55:03.084"/>
</kw>
<kw name="Set Global Variable" library="BuiltIn">
<arg>${payload}</arg>
<doc>Makes a variable available globally in all tests and suites.</doc>
<msg timestamp="20220904 22:55:03.085" level="INFO">${payload} = {'nome': 'Shannon Edwards', 'email': 'douglasmatthew@example.org', 'password': '44IvY5Xh*L', 'administrador': 'true'}</msg>
<status status="PASS" starttime="20220904 22:55:03.084" endtime="20220904 22:55:03.086"/>
</kw>
<status status="PASS" starttime="20220904 22:55:03.067" endtime="20220904 22:55:03.087"/>
</kw>
<kw name="POST Endpoint /usuarios" library="usuarios_keywords">
<kw name="POST On Session" library="RequestsLibrary">
<var>${response}</var>
<arg>serverest</arg>
<arg>/usuarios</arg>
<arg>json=${payload}</arg>
<arg>expected_status=any</arg>
<doc>Sends a POST request on a previously created HTTP Session.</doc>
<msg timestamp="20220904 22:55:03.095" level="INFO">POST Request : url=http://localhost:3000/usuarios 
 path_url=/usuarios 
 headers={'User-Agent': 'python-requests/2.28.1', 'Accept-Encoding': 'gzip, deflate', 'Accept': '*/*', 'Connection': 'keep-alive', 'Content-Length': '117', 'Content-Type': 'application/json'} 
 body=b'{"nome": "Shannon Edwards", "email": "douglasmatthew@example.org", "password": "44IvY5Xh*L", "administrador": "true"}' 
 </msg>
<msg timestamp="20220904 22:55:03.096" level="INFO">POST Response : url=http://localhost:3000/usuarios 
 status=201, reason=Created 
 headers={'Access-Control-Allow-Origin': '*', 'x-dns-prefetch-control': 'off', 'x-frame-options': 'SAMEORIGIN', 'strict-transport-security': 'max-age=15552000; includeSubDomains', 'x-download-options': 'noopen', 'x-content-type-options': 'nosniff', 'x-xss-protection': '1; mode=block', 'x-moesif-transaction-id': '55814b5e-33a3-4878-89cc-e3264d3f13a5', 'Content-Type': 'application/json; charset=utf-8', 'Content-Length': '82', 'Date': 'Mon, 05 Sep 2022 01:55:03 GMT', 'Connection': 'keep-alive', 'Keep-Alive': 'timeout=5'} 
 body={
    "message": "Cadastro realizado com sucesso",
    "_id": "WEqor0teoAV2aHU8"
} 
 </msg>
<msg timestamp="20220904 22:55:03.098" level="INFO">${response} = &lt;Response [201]&gt;</msg>
<status status="PASS" starttime="20220904 22:55:03.088" endtime="20220904 22:55:03.099"/>
</kw>
<kw name="Log To Console" library="BuiltIn">
<arg>Response:${response.content}</arg>
<doc>Logs the given message to the console.</doc>
<status status="PASS" starttime="20220904 22:55:03.100" endtime="20220904 22:55:03.102"/>
</kw>
<kw name="Set Global Variable" library="BuiltIn">
<arg>${response}</arg>
<doc>Makes a variable available globally in all tests and suites.</doc>
<msg timestamp="20220904 22:55:03.103" level="INFO">${response} = &lt;Response [201]&gt;</msg>
<status status="PASS" starttime="20220904 22:55:03.103" endtime="20220904 22:55:03.105"/>
</kw>
<if>
<branch type="IF" condition="&quot;${response.status_code}&quot; == &quot;201&quot;">
<kw name="Set Variable" library="BuiltIn">
<var>${id}</var>
<arg>${response.json()["_id"]}</arg>
<doc>Returns the given values which can then be assigned to a variables.</doc>
<msg timestamp="20220904 22:55:03.110" level="INFO">${id} = WEqor0teoAV2aHU8</msg>
<status status="PASS" starttime="20220904 22:55:03.108" endtime="20220904 22:55:03.112"/>
</kw>
<kw name="Set Global Variable" library="BuiltIn">
<arg>${id}</arg>
<doc>Makes a variable available globally in all tests and suites.</doc>
<msg timestamp="20220904 22:55:03.114" level="INFO">${id} = WEqor0teoAV2aHU8</msg>
<status status="PASS" starttime="20220904 22:55:03.113" endtime="20220904 22:55:03.115"/>
</kw>
<status status="PASS" starttime="20220904 22:55:03.107" endtime="20220904 22:55:03.116"/>
</branch>
<status status="PASS" starttime="20220904 22:55:03.106" endtime="20220904 22:55:03.116"/>
</if>
<status status="PASS" starttime="20220904 22:55:03.087" endtime="20220904 22:55:03.116"/>
</kw>
<kw name="Validar Message &quot;Cadastro realizado com sucesso&quot;" library="common" sourcename="Validar Message &quot;${message}&quot;">
<kw name="Should Be Equal As Strings" library="BuiltIn">
<arg>${response.json()["message"]}</arg>
<arg>${message}</arg>
<doc>Fails if objects are unequal after converting them to strings.</doc>
<status status="PASS" starttime="20220904 22:55:03.118" endtime="20220904 22:55:03.119"/>
</kw>
<status status="PASS" starttime="20220904 22:55:03.117" endtime="20220904 22:55:03.119"/>
</kw>
<kw name="DELETE Endpoint /usuarios" library="usuarios_keywords">
<kw name="DELETE On Session" library="RequestsLibrary">
<var>${response}</var>
<arg>serverest</arg>
<arg>/usuarios/${id}</arg>
<arg>json=&amp;{payload}</arg>
<arg>expected_status=any</arg>
<doc>Sends a DELETE request on a previously created HTTP Session.</doc>
<msg timestamp="20220904 22:55:03.125" level="INFO">DELETE Request : url=http://localhost:3000/usuarios/WEqor0teoAV2aHU8 
 path_url=/usuarios/WEqor0teoAV2aHU8 
 headers={'User-Agent': 'python-requests/2.28.1', 'Accept-Encoding': 'gzip, deflate', 'Accept': '*/*', 'Connection': 'keep-alive', 'Content-Length': '117', 'Content-Type': 'application/json'} 
 body=b'{"nome": "Shannon Edwards", "email": "douglasmatthew@example.org", "password": "44IvY5Xh*L", "administrador": "true"}' 
 </msg>
<msg timestamp="20220904 22:55:03.127" level="INFO">DELETE Response : url=http://localhost:3000/usuarios/WEqor0teoAV2aHU8 
 status=200, reason=OK 
 headers={'Access-Control-Allow-Origin': '*', 'x-dns-prefetch-control': 'off', 'x-frame-options': 'SAMEORIGIN', 'strict-transport-security': 'max-age=15552000; includeSubDomains', 'x-download-options': 'noopen', 'x-content-type-options': 'nosniff', 'x-xss-protection': '1; mode=block', 'x-moesif-transaction-id': '2f2b3ace-8fe4-40cc-8b2b-784fc5e8dfd0', 'Content-Type': 'application/json; charset=utf-8', 'Content-Length': '51', 'Date': 'Mon, 05 Sep 2022 01:55:03 GMT', 'Connection': 'keep-alive', 'Keep-Alive': 'timeout=5'} 
 body={
    "message": "Registro excluído com sucesso"
} 
 </msg>
<msg timestamp="20220904 22:55:03.131" level="INFO">${response} = &lt;Response [200]&gt;</msg>
<status status="PASS" starttime="20220904 22:55:03.121" endtime="20220904 22:55:03.133"/>
</kw>
<kw name="Log To Console" library="BuiltIn">
<arg>Resposta: ${response.content}</arg>
<doc>Logs the given message to the console.</doc>
<status status="PASS" starttime="20220904 22:55:03.133" endtime="20220904 22:55:03.134"/>
</kw>
<kw name="Set Global Variable" library="BuiltIn">
<arg>${response}</arg>
<doc>Makes a variable available globally in all tests and suites.</doc>
<msg timestamp="20220904 22:55:03.136" level="INFO">${response} = &lt;Response [200]&gt;</msg>
<status status="PASS" starttime="20220904 22:55:03.135" endtime="20220904 22:55:03.138"/>
</kw>
<status status="PASS" starttime="20220904 22:55:03.120" endtime="20220904 22:55:03.138"/>
</kw>
<kw name="Validar Status Code &quot;200&quot;" library="common" sourcename="Validar Status Code &quot;${statuscode}&quot;">
<kw name="Should Be True" library="BuiltIn">
<arg>${response.status_code} == ${statuscode}</arg>
<doc>Fails if the given condition is not true.</doc>
<status status="PASS" starttime="20220904 22:55:03.140" endtime="20220904 22:55:03.141"/>
</kw>
<kw name="Log To Console" library="BuiltIn">
<arg>Status Code Retornado: ${response.status_code}</arg>
<doc>Logs the given message to the console.</doc>
<status status="PASS" starttime="20220904 22:55:03.142" endtime="20220904 22:55:03.144"/>
</kw>
<status status="PASS" starttime="20220904 22:55:03.139" endtime="20220904 22:55:03.145"/>
</kw>
<kw name="Validar Razao &quot;OK&quot;" library="common" sourcename="Validar Razao &quot;${razao}&quot;">
<kw name="Should Be Equal As Strings" library="BuiltIn">
<arg>${response.reason}</arg>
<arg>${razao}</arg>
<doc>Fails if objects are unequal after converting them to strings.</doc>
<status status="PASS" starttime="20220904 22:55:03.148" endtime="20220904 22:55:03.149"/>
</kw>
<kw name="Log To Console" library="BuiltIn">
<arg>Razao Retornada: ${response.reason}</arg>
<doc>Logs the given message to the console.</doc>
<status status="PASS" starttime="20220904 22:55:03.149" endtime="20220904 22:55:03.151"/>
</kw>
<status status="PASS" starttime="20220904 22:55:03.146" endtime="20220904 22:55:03.152"/>
</kw>
<tag>USUARIO DELETE 200</tag>
<status status="PASS" starttime="20220904 22:55:03.066" endtime="20220904 22:55:03.152"/>
</test>
<test id="s1-s1-s4-t12" name="Cenário 10: DELETE Usuario ID 400" line="96">
<kw name="DELETE Endpoint /usuarios 400" library="usuarios_keywords">
<kw name="DELETE On Session" library="RequestsLibrary">
<var>${response}</var>
<arg>serverest</arg>
<arg>/usuarios/oUb7aGkMtSEPf6BZ</arg>
<arg>expected_status=any</arg>
<doc>Sends a DELETE request on a previously created HTTP Session.</doc>
<msg timestamp="20220904 22:55:03.160" level="INFO">DELETE Request : url=http://localhost:3000/usuarios/oUb7aGkMtSEPf6BZ 
 path_url=/usuarios/oUb7aGkMtSEPf6BZ 
 headers={'User-Agent': 'python-requests/2.28.1', 'Accept-Encoding': 'gzip, deflate', 'Accept': '*/*', 'Connection': 'keep-alive', 'Content-Length': '0'} 
 body=None 
 </msg>
<msg timestamp="20220904 22:55:03.163" level="INFO">DELETE Response : url=http://localhost:3000/usuarios/oUb7aGkMtSEPf6BZ 
 status=400, reason=Bad Request 
 headers={'Access-Control-Allow-Origin': '*', 'x-dns-prefetch-control': 'off', 'x-frame-options': 'SAMEORIGIN', 'strict-transport-security': 'max-age=15552000; includeSubDomains', 'x-download-options': 'noopen', 'x-content-type-options': 'nosniff', 'x-xss-protection': '1; mode=block', 'x-moesif-transaction-id': 'd7a1416e-8b41-4037-a613-d4f5be836dd1', 'Content-Type': 'application/json; charset=utf-8', 'Content-Length': '117', 'Date': 'Mon, 05 Sep 2022 01:55:03 GMT', 'Connection': 'keep-alive', 'Keep-Alive': 'timeout=5'} 
 body={
    "message": "Não é permitido excluir usuário com carrinho cadastrado",
    "idCarrinho": "qbMqntef4iTOwWfg"
} 
 </msg>
<msg timestamp="20220904 22:55:03.165" level="INFO">${response} = &lt;Response [400]&gt;</msg>
<status status="PASS" starttime="20220904 22:55:03.157" endtime="20220904 22:55:03.166"/>
</kw>
<kw name="Log To Console" library="BuiltIn">
<arg>Resposta: ${response.content}</arg>
<doc>Logs the given message to the console.</doc>
<status status="PASS" starttime="20220904 22:55:03.166" endtime="20220904 22:55:03.168"/>
</kw>
<kw name="Set Global Variable" library="BuiltIn">
<arg>${response}</arg>
<doc>Makes a variable available globally in all tests and suites.</doc>
<msg timestamp="20220904 22:55:03.169" level="INFO">${response} = &lt;Response [400]&gt;</msg>
<status status="PASS" starttime="20220904 22:55:03.169" endtime="20220904 22:55:03.170"/>
</kw>
<status status="PASS" starttime="20220904 22:55:03.156" endtime="20220904 22:55:03.171"/>
</kw>
<kw name="Validar Status Code &quot;400&quot;" library="common" sourcename="Validar Status Code &quot;${statuscode}&quot;">
<kw name="Should Be True" library="BuiltIn">
<arg>${response.status_code} == ${statuscode}</arg>
<doc>Fails if the given condition is not true.</doc>
<status status="PASS" starttime="20220904 22:55:03.172" endtime="20220904 22:55:03.173"/>
</kw>
<kw name="Log To Console" library="BuiltIn">
<arg>Status Code Retornado: ${response.status_code}</arg>
<doc>Logs the given message to the console.</doc>
<status status="PASS" starttime="20220904 22:55:03.174" endtime="20220904 22:55:03.175"/>
</kw>
<status status="PASS" starttime="20220904 22:55:03.171" endtime="20220904 22:55:03.175"/>
</kw>
<kw name="Validar Razao &quot;Bad Request&quot;" library="common" sourcename="Validar Razao &quot;${razao}&quot;">
<kw name="Should Be Equal As Strings" library="BuiltIn">
<arg>${response.reason}</arg>
<arg>${razao}</arg>
<doc>Fails if objects are unequal after converting them to strings.</doc>
<status status="PASS" starttime="20220904 22:55:03.177" endtime="20220904 22:55:03.178"/>
</kw>
<kw name="Log To Console" library="BuiltIn">
<arg>Razao Retornada: ${response.reason}</arg>
<doc>Logs the given message to the console.</doc>
<status status="PASS" starttime="20220904 22:55:03.179" endtime="20220904 22:55:03.181"/>
</kw>
<status status="PASS" starttime="20220904 22:55:03.176" endtime="20220904 22:55:03.181"/>
</kw>
<kw name="Validar Message &quot;Não é permitido excluir usuário com carrinho cadastrado&quot;" library="common" sourcename="Validar Message &quot;${message}&quot;">
<kw name="Should Be Equal As Strings" library="BuiltIn">
<arg>${response.json()["message"]}</arg>
<arg>${message}</arg>
<doc>Fails if objects are unequal after converting them to strings.</doc>
<status status="PASS" starttime="20220904 22:55:03.182" endtime="20220904 22:55:03.184"/>
</kw>
<status status="PASS" starttime="20220904 22:55:03.181" endtime="20220904 22:55:03.184"/>
</kw>
<tag>USUARIO DELETE 400</tag>
<status status="PASS" starttime="20220904 22:55:03.155" endtime="20220904 22:55:03.185"/>
</test>
<doc>Arquivo de testes para endpoint /usuarios</doc>
<status status="FAIL" starttime="20220904 22:55:02.372" endtime="20220904 22:55:03.188"/>
</suite>
<status status="FAIL" starttime="20220904 22:54:59.218" endtime="20220904 22:55:03.191"/>
</suite>
<status status="FAIL" starttime="20220904 22:54:59.178" endtime="20220904 22:55:03.198"/>
</suite>
<statistics>
<total>
<stat pass="34" fail="2" skip="0">All Tests</stat>
</total>
<tag>
<stat pass="1" fail="0" skip="0">APAGARPROD</stat>
<stat pass="1" fail="0" skip="0">BUSCAR TODOS USUARIOS 200</stat>
<stat pass="1" fail="0" skip="0">BUSCAR USUARIO POR ID 200</stat>
<stat pass="1" fail="0" skip="0">BUSCAR USUARIO POR ID 400</stat>
<stat pass="1" fail="1" skip="0">CADASTRAR USUARIO ME 400</stat>
<stat pass="1" fail="0" skip="0">CANCEL_CAR_200</stat>
<stat pass="1" fail="0" skip="0">END_CAR_200</stat>
<stat pass="2" fail="0" skip="0">END_CAR_401</stat>
<stat pass="1" fail="0" skip="0">GET_ALL_CARS</stat>
<stat pass="1" fail="0" skip="0">GET_CAR_200</stat>
<stat pass="1" fail="0" skip="0">GET_CAR_400</stat>
<stat pass="1" fail="0" skip="0">ME CADASTRO INVALIDO 400</stat>
<stat pass="1" fail="0" skip="0">ME CADASTRO SEM DESCRICAO 400</stat>
<stat pass="1" fail="0" skip="0">ME CADASTRO SEM NOME 400</stat>
<stat pass="1" fail="0" skip="0">ME CADASTRO SEM PRECO 400</stat>
<stat pass="1" fail="0" skip="0">ME CADASTRO SEM Qtd 400</stat>
<stat pass="1" fail="0" skip="0">POST_CAR_201</stat>
<stat pass="1" fail="0" skip="0">POST_CAR_400</stat>
<stat pass="1" fail="0" skip="0">POST_CAR_401</stat>
<stat pass="1" fail="0" skip="0">POSTLOGIN1</stat>
<stat pass="5" fail="0" skip="0">PRODUTO</stat>
<stat pass="1" fail="0" skip="0">PRODUTO ALTERAR MD 200</stat>
<stat pass="1" fail="0" skip="0">PRODUTO BUSCAR ID 200</stat>
<stat pass="1" fail="0" skip="0">PRODUTO BUSCAR ID 400</stat>
<stat pass="1" fail="0" skip="0">PRODUTO BUSCAR TODOS 200</stat>
<stat pass="1" fail="0" skip="0">PRODUTO CADASTRAR MD 201</stat>
<stat pass="1" fail="0" skip="0">PRODUTO NAO Adm MD 403</stat>
<stat pass="0" fail="1" skip="0">PRODUTO SEM TOKEN MD 401</stat>
<stat pass="1" fail="0" skip="0">USUARIO ALTERADO 200</stat>
<stat pass="1" fail="0" skip="0">USUARIO CADASTRO DINAMICO 201</stat>
<stat pass="1" fail="0" skip="0">USUARIO DELETE 200</stat>
<stat pass="1" fail="0" skip="0">USUARIO DELETE 400</stat>
<stat pass="1" fail="0" skip="0">USUARIO ME CADASTRO INEXISTENTE 400</stat>
<stat pass="1" fail="0" skip="0">USUARIO ME CADASTRO SEM ADMIN 400</stat>
<stat pass="1" fail="0" skip="0">USUARIO ME CADASTRO SEM SENHA 400</stat>
</tag>
<suite>
<stat pass="34" fail="2" skip="0" id="s1" name="Robotron Mari Oliveira Projeto Final Compass">Robotron Mari Oliveira Projeto Final Compass</stat>
<stat pass="34" fail="2" skip="0" id="s1-s1" name="Tests">Robotron Mari Oliveira Projeto Final Compass.Tests</stat>
<stat pass="10" fail="0" skip="0" id="s1-s1-s1" name="Carrinho Tests">Robotron Mari Oliveira Projeto Final Compass.Tests.Carrinho Tests</stat>
<stat pass="1" fail="0" skip="0" id="s1-s1-s2" name="Login Tests">Robotron Mari Oliveira Projeto Final Compass.Tests.Login Tests</stat>
<stat pass="12" fail="1" skip="0" id="s1-s1-s3" name="Produtos Tests">Robotron Mari Oliveira Projeto Final Compass.Tests.Produtos Tests</stat>
<stat pass="11" fail="1" skip="0" id="s1-s1-s4" name="Usuarios Tests">Robotron Mari Oliveira Projeto Final Compass.Tests.Usuarios Tests</stat>
</suite>
</statistics>
<errors>
</errors>
</robot>
